mode: atomic
github.com/sarvalabs/go-moi/cmd/common/artifact.go:19.55,23.16 3 0
github.com/sarvalabs/go-moi/cmd/common/artifact.go:23.16,25.3 1 0
github.com/sarvalabs/go-moi/cmd/common/artifact.go:27.2,27.48 1 0
github.com/sarvalabs/go-moi/cmd/common/artifact.go:27.48,29.3 1 0
github.com/sarvalabs/go-moi/cmd/common/artifact.go:31.2,31.16 1 0
github.com/sarvalabs/go-moi/cmd/common/artifact.go:41.65,45.16 3 0
github.com/sarvalabs/go-moi/cmd/common/artifact.go:45.16,47.3 1 0
github.com/sarvalabs/go-moi/cmd/common/artifact.go:49.2,49.61 1 0
github.com/sarvalabs/go-moi/cmd/common/artifact.go:49.61,51.3 1 0
github.com/sarvalabs/go-moi/cmd/common/artifact.go:53.2,53.28 1 0
github.com/sarvalabs/go-moi/cmd/common/common.go:24.21,25.16 1 0
github.com/sarvalabs/go-moi/cmd/common/common.go:25.16,28.3 2 0
github.com/sarvalabs/go-moi/cmd/common/common.go:31.115,32.6 1 0
github.com/sarvalabs/go-moi/cmd/common/common.go:32.6,33.10 1 0
github.com/sarvalabs/go-moi/cmd/common/common.go:34.21,37.25 2 0
github.com/sarvalabs/go-moi/cmd/common/common.go:38.11,42.18 2 0
github.com/sarvalabs/go-moi/cmd/common/common.go:42.18,43.13 1 0
github.com/sarvalabs/go-moi/cmd/common/common.go:46.4,46.26 1 0
github.com/sarvalabs/go-moi/cmd/common/common.go:52.73,54.16 2 0
github.com/sarvalabs/go-moi/cmd/common/common.go:54.16,56.3 1 0
github.com/sarvalabs/go-moi/cmd/common/common.go:58.2,58.62 1 0
github.com/sarvalabs/go-moi/cmd/common/common.go:58.62,60.3 1 0
github.com/sarvalabs/go-moi/cmd/common/common.go:62.2,64.12 2 0
github.com/sarvalabs/go-moi/cmd/common/common.go:67.30,70.16 2 0
github.com/sarvalabs/go-moi/cmd/common/common.go:70.16,73.3 1 0
github.com/sarvalabs/go-moi/cmd/common/common.go:76.2,76.26 1 0
github.com/sarvalabs/go-moi/cmd/common/common.go:76.26,78.64 1 0
github.com/sarvalabs/go-moi/cmd/common/common.go:78.64,80.29 1 0
github.com/sarvalabs/go-moi/cmd/common/common.go:80.29,83.5 1 0
github.com/sarvalabs/go-moi/cmd/common/common.go:87.2,87.51 1 0
github.com/sarvalabs/go-moi/cmd/common/common.go:90.85,93.36 2 0
github.com/sarvalabs/go-moi/cmd/common/common.go:93.36,97.17 3 0
github.com/sarvalabs/go-moi/cmd/common/common.go:97.17,99.4 1 0
github.com/sarvalabs/go-moi/cmd/common/common.go:101.3,102.17 2 0
github.com/sarvalabs/go-moi/cmd/common/common.go:102.17,104.4 1 0
github.com/sarvalabs/go-moi/cmd/common/common.go:106.3,111.6 1 0
github.com/sarvalabs/go-moi/cmd/common/common.go:114.2,114.22 1 0
github.com/sarvalabs/go-moi/cmd/common/config.go:29.48,306.2 1 0
github.com/sarvalabs/go-moi/cmd/common/config.go:308.47,396.2 1 0
github.com/sarvalabs/go-moi/cmd/common/guardian.go:25.96,30.16 2 0
github.com/sarvalabs/go-moi/cmd/common/guardian.go:30.16,34.3 1 0
github.com/sarvalabs/go-moi/cmd/common/guardian.go:37.2,37.54 1 0
github.com/sarvalabs/go-moi/cmd/common/guardian.go:37.54,39.3 1 0
github.com/sarvalabs/go-moi/cmd/common/guardian.go:41.2,41.89 1 0
github.com/sarvalabs/go-moi/cmd/common/guardian.go:44.94,45.18 1 0
github.com/sarvalabs/go-moi/cmd/common/guardian.go:45.18,47.17 2 0
github.com/sarvalabs/go-moi/cmd/common/guardian.go:47.17,49.4 1 0
github.com/sarvalabs/go-moi/cmd/common/guardian.go:51.3,51.80 1 0
github.com/sarvalabs/go-moi/cmd/common/guardian.go:54.2,55.16 2 0
github.com/sarvalabs/go-moi/cmd/common/guardian.go:55.16,57.3 1 0
github.com/sarvalabs/go-moi/cmd/common/guardian.go:59.2,59.23 1 0
github.com/sarvalabs/go-moi/cmd/common/guardian.go:59.23,61.3 1 0
github.com/sarvalabs/go-moi/cmd/common/guardian.go:63.2,71.16 4 0
github.com/sarvalabs/go-moi/cmd/common/guardian.go:71.16,73.3 1 0
github.com/sarvalabs/go-moi/cmd/common/guardian.go:75.2,76.16 2 0
github.com/sarvalabs/go-moi/cmd/common/guardian.go:76.16,78.3 1 0
github.com/sarvalabs/go-moi/cmd/common/guardian.go:80.2,85.16 5 0
github.com/sarvalabs/go-moi/cmd/common/guardian.go:85.16,87.3 1 0
github.com/sarvalabs/go-moi/cmd/common/guardian.go:89.2,90.16 2 0
github.com/sarvalabs/go-moi/cmd/common/guardian.go:90.16,92.3 1 0
github.com/sarvalabs/go-moi/cmd/common/guardian.go:94.2,94.69 1 0
github.com/sarvalabs/go-moi/cmd/common/guardian.go:94.69,96.3 1 0
github.com/sarvalabs/go-moi/cmd/common/guardian.go:98.2,98.61 1 0
github.com/sarvalabs/go-moi/cmd/common/kramaidreq.go:13.45,15.16 2 0
github.com/sarvalabs/go-moi/cmd/common/kramaidreq.go:15.16,17.3 1 0
github.com/sarvalabs/go-moi/cmd/common/kramaidreq.go:19.2,19.21 1 0
github.com/sarvalabs/go-moi/cmd/common/kramaidreq.go:22.52,23.50 1 0
github.com/sarvalabs/go-moi/cmd/common/kramaidreq.go:23.50,25.3 1 0
github.com/sarvalabs/go-moi/cmd/common/kramaidreq.go:27.2,27.12 1 0
github.com/sarvalabs/go-moi/cmd/common/peerlist.go:24.51,25.16 1 0
github.com/sarvalabs/go-moi/cmd/common/peerlist.go:25.16,27.3 1 0
github.com/sarvalabs/go-moi/cmd/common/peerlist.go:29.2,30.16 2 0
github.com/sarvalabs/go-moi/cmd/common/peerlist.go:30.16,32.3 1 0
github.com/sarvalabs/go-moi/cmd/common/peerlist.go:34.2,35.54 2 0
github.com/sarvalabs/go-moi/cmd/common/peerlist.go:35.54,37.3 1 0
github.com/sarvalabs/go-moi/cmd/common/peerlist.go:39.2,39.22 1 0
github.com/sarvalabs/go-moi/cmd/mcutils/main.go:10.13,12.2 1 0
github.com/sarvalabs/go-moi/cmd/mcutils/main.go:18.32,29.2 3 0
github.com/sarvalabs/go-moi/cmd/mcutils/main.go:31.42,37.2 1 0
github.com/sarvalabs/go-moi/cmd/mcutils/main.go:41.30,42.45 1 0
github.com/sarvalabs/go-moi/cmd/mcutils/main.go:42.45,44.3 1 0
github.com/sarvalabs/go-moi/cmd/mcutils/internal/account.go:10.41,20.2 3 0
github.com/sarvalabs/go-moi/cmd/mcutils/internal/account.go:22.44,37.2 3 0
github.com/sarvalabs/go-moi/cmd/mcutils/internal/account.go:39.59,41.16 2 0
github.com/sarvalabs/go-moi/cmd/mcutils/internal/account.go:41.16,43.3 1 0
github.com/sarvalabs/go-moi/cmd/mcutils/internal/account.go:45.2,46.16 2 0
github.com/sarvalabs/go-moi/cmd/mcutils/internal/account.go:46.16,48.3 1 0
github.com/sarvalabs/go-moi/cmd/mcutils/internal/genesis.go:19.41,29.2 3 0
github.com/sarvalabs/go-moi/cmd/mcutils/internal/genesis.go:31.63,33.2 1 0
github.com/sarvalabs/go-moi/cmd/mcutils/internal/genesis.go:35.59,78.2 7 0
github.com/sarvalabs/go-moi/cmd/mcutils/internal/genesis.go:80.30,84.16 3 0
github.com/sarvalabs/go-moi/cmd/mcutils/internal/genesis.go:84.16,86.3 1 0
github.com/sarvalabs/go-moi/cmd/mcutils/internal/genesis.go:88.2,88.20 1 0
github.com/sarvalabs/go-moi/cmd/mcutils/internal/genesis.go:91.30,95.16 3 0
github.com/sarvalabs/go-moi/cmd/mcutils/internal/genesis.go:95.16,97.3 1 0
github.com/sarvalabs/go-moi/cmd/mcutils/internal/genesis.go:99.2,101.42 2 0
github.com/sarvalabs/go-moi/cmd/mcutils/internal/genesis.go:101.42,103.3 1 0
github.com/sarvalabs/go-moi/cmd/mcutils/internal/genesis.go:106.2,106.55 1 0
github.com/sarvalabs/go-moi/cmd/mcutils/internal/genesis.go:106.55,109.30 2 0
github.com/sarvalabs/go-moi/cmd/mcutils/internal/genesis.go:109.30,114.4 3 0
github.com/sarvalabs/go-moi/cmd/mcutils/internal/genesis.go:116.3,116.13 1 0
github.com/sarvalabs/go-moi/cmd/mcutils/internal/genesis.go:119.2,120.16 2 0
github.com/sarvalabs/go-moi/cmd/mcutils/internal/genesis.go:120.16,122.3 1 0
github.com/sarvalabs/go-moi/cmd/mcutils/internal/genesis.go:124.2,130.28 3 0
github.com/sarvalabs/go-moi/cmd/mcutils/internal/genesis.go:130.28,132.17 2 0
github.com/sarvalabs/go-moi/cmd/mcutils/internal/genesis.go:132.17,134.4 1 0
github.com/sarvalabs/go-moi/cmd/mcutils/internal/genesis.go:136.3,143.6 1 0
github.com/sarvalabs/go-moi/cmd/mcutils/internal/genesis.go:146.2,153.16 3 0
github.com/sarvalabs/go-moi/cmd/mcutils/internal/genesis.go:153.16,155.3 1 0
github.com/sarvalabs/go-moi/cmd/mcutils/internal/genesis.go:157.2,157.37 1 0
github.com/sarvalabs/go-moi/cmd/mcutils/internal/genesis.go:157.37,162.3 1 0
github.com/sarvalabs/go-moi/cmd/mcutils/internal/genesis.go:164.2,166.38 2 0
github.com/sarvalabs/go-moi/cmd/mcutils/internal/genesis.go:166.38,172.3 1 0
github.com/sarvalabs/go-moi/cmd/mcutils/internal/genesis.go:174.2,195.32 4 0
github.com/sarvalabs/go-moi/cmd/mcutils/internal/genesis.go:195.32,197.17 2 0
github.com/sarvalabs/go-moi/cmd/mcutils/internal/genesis.go:197.17,198.14 1 0
github.com/sarvalabs/go-moi/cmd/mcutils/internal/genesis.go:201.3,216.24 2 0
github.com/sarvalabs/go-moi/cmd/mcutils/internal/genesis.go:216.24,223.4 2 0
github.com/sarvalabs/go-moi/cmd/mcutils/internal/genesis.go:226.2,228.72 2 0
github.com/sarvalabs/go-moi/cmd/mcutils/internal/genesis.go:228.72,230.3 1 0
github.com/sarvalabs/go-moi/cmd/mcutils/internal/init.go:21.38,31.2 3 0
github.com/sarvalabs/go-moi/cmd/mcutils/internal/init.go:33.52,35.2 1 0
github.com/sarvalabs/go-moi/cmd/mcutils/internal/init.go:37.41,124.88 15 0
github.com/sarvalabs/go-moi/cmd/mcutils/internal/init.go:124.88,126.3 1 0
github.com/sarvalabs/go-moi/cmd/mcutils/internal/init.go:128.2,128.89 1 0
github.com/sarvalabs/go-moi/cmd/mcutils/internal/init.go:128.89,130.3 1 0
github.com/sarvalabs/go-moi/cmd/mcutils/internal/init.go:132.2,132.86 1 0
github.com/sarvalabs/go-moi/cmd/mcutils/internal/init.go:132.86,134.3 1 0
github.com/sarvalabs/go-moi/cmd/mcutils/internal/init.go:137.72,228.21 2 0
github.com/sarvalabs/go-moi/cmd/mcutils/internal/init.go:228.21,230.3 1 0
github.com/sarvalabs/go-moi/cmd/mcutils/internal/init.go:232.2,233.16 2 0
github.com/sarvalabs/go-moi/cmd/mcutils/internal/init.go:233.16,235.3 1 0
github.com/sarvalabs/go-moi/cmd/mcutils/internal/init.go:237.2,237.13 1 0
github.com/sarvalabs/go-moi/cmd/mcutils/internal/init.go:240.21,244.16 3 0
github.com/sarvalabs/go-moi/cmd/mcutils/internal/init.go:244.16,246.3 1 0
github.com/sarvalabs/go-moi/cmd/mcutils/internal/init.go:248.2,248.29 1 0
github.com/sarvalabs/go-moi/cmd/mcutils/internal/init.go:248.29,251.83 2 0
github.com/sarvalabs/go-moi/cmd/mcutils/internal/init.go:251.83,253.4 1 0
github.com/sarvalabs/go-moi/cmd/mcutils/internal/init.go:255.3,255.83 1 0
github.com/sarvalabs/go-moi/cmd/mcutils/internal/init.go:255.83,257.4 1 0
github.com/sarvalabs/go-moi/cmd/mcutils/internal/init.go:259.3,260.17 2 0
github.com/sarvalabs/go-moi/cmd/mcutils/internal/init.go:260.17,262.4 1 0
github.com/sarvalabs/go-moi/cmd/mcutils/internal/init.go:264.3,265.17 2 0
github.com/sarvalabs/go-moi/cmd/mcutils/internal/init.go:265.17,267.4 1 0
github.com/sarvalabs/go-moi/cmd/mcutils/internal/init.go:269.3,271.96 2 0
github.com/sarvalabs/go-moi/cmd/mcutils/internal/init.go:271.96,273.4 1 0
github.com/sarvalabs/go-moi/cmd/mcutils/internal/init.go:275.3,277.59 3 0
github.com/sarvalabs/go-moi/cmd/mcutils/internal/init.go:280.2,281.16 2 0
github.com/sarvalabs/go-moi/cmd/mcutils/internal/init.go:281.16,283.3 1 0
github.com/sarvalabs/go-moi/cmd/mcutils/internal/init.go:285.2,285.88 1 0
github.com/sarvalabs/go-moi/cmd/mcutils/internal/init.go:285.88,287.3 1 0
github.com/sarvalabs/go-moi/cmd/moipod/main.go:12.13,14.2 1 0
github.com/sarvalabs/go-moi/cmd/moipod/main.go:20.32,31.2 3 0
github.com/sarvalabs/go-moi/cmd/moipod/main.go:33.42,41.2 1 0
github.com/sarvalabs/go-moi/cmd/moipod/main.go:45.30,46.45 1 0
github.com/sarvalabs/go-moi/cmd/moipod/main.go:46.45,48.3 1 0
github.com/sarvalabs/go-moi/cmd/moipod/internal/bootnode.go:93.42,103.2 3 0
github.com/sarvalabs/go-moi/cmd/moipod/internal/bootnode.go:105.45,107.16 2 0
github.com/sarvalabs/go-moi/cmd/moipod/internal/bootnode.go:107.16,109.3 1 0
github.com/sarvalabs/go-moi/cmd/moipod/internal/bootnode.go:111.2,123.3 8 0
github.com/sarvalabs/go-moi/cmd/moipod/internal/bootnode.go:126.60,128.2 1 0
github.com/sarvalabs/go-moi/cmd/moipod/internal/bootnode.go:130.22,132.16 2 0
github.com/sarvalabs/go-moi/cmd/moipod/internal/bootnode.go:132.16,134.3 1 0
github.com/sarvalabs/go-moi/cmd/moipod/internal/bootnode.go:136.2,137.16 2 0
github.com/sarvalabs/go-moi/cmd/moipod/internal/bootnode.go:137.16,138.13 1 0
github.com/sarvalabs/go-moi/cmd/moipod/internal/bootnode.go:141.2,142.16 2 0
github.com/sarvalabs/go-moi/cmd/moipod/internal/bootnode.go:142.16,143.13 1 0
github.com/sarvalabs/go-moi/cmd/moipod/internal/bootnode.go:146.2,148.25 2 0
github.com/sarvalabs/go-moi/cmd/moipod/internal/bootnode.go:148.25,150.17 2 0
github.com/sarvalabs/go-moi/cmd/moipod/internal/bootnode.go:150.17,151.14 1 0
github.com/sarvalabs/go-moi/cmd/moipod/internal/bootnode.go:154.3,154.60 1 0
github.com/sarvalabs/go-moi/cmd/moipod/internal/bootnode.go:157.2,160.79 3 0
github.com/sarvalabs/go-moi/cmd/moipod/internal/bootnode.go:160.79,162.17 2 0
github.com/sarvalabs/go-moi/cmd/moipod/internal/bootnode.go:162.17,163.14 1 0
github.com/sarvalabs/go-moi/cmd/moipod/internal/bootnode.go:166.3,166.18 1 0
github.com/sarvalabs/go-moi/cmd/moipod/internal/bootnode.go:169.2,170.16 2 0
github.com/sarvalabs/go-moi/cmd/moipod/internal/bootnode.go:170.16,171.13 1 0
github.com/sarvalabs/go-moi/cmd/moipod/internal/bootnode.go:174.2,182.16 2 0
github.com/sarvalabs/go-moi/cmd/moipod/internal/bootnode.go:182.16,183.13 1 0
github.com/sarvalabs/go-moi/cmd/moipod/internal/bootnode.go:186.2,186.74 1 0
github.com/sarvalabs/go-moi/cmd/moipod/internal/bootnode.go:186.74,187.31 1 0
github.com/sarvalabs/go-moi/cmd/moipod/internal/bootnode.go:187.31,189.18 2 0
github.com/sarvalabs/go-moi/cmd/moipod/internal/bootnode.go:189.18,190.15 1 0
github.com/sarvalabs/go-moi/cmd/moipod/internal/bootnode.go:193.4,193.31 1 0
github.com/sarvalabs/go-moi/cmd/moipod/internal/bootnode.go:196.3,196.26 1 0
github.com/sarvalabs/go-moi/cmd/moipod/internal/bootnode.go:196.26,198.18 2 0
github.com/sarvalabs/go-moi/cmd/moipod/internal/bootnode.go:198.18,199.15 1 0
github.com/sarvalabs/go-moi/cmd/moipod/internal/bootnode.go:202.4,202.31 1 0
github.com/sarvalabs/go-moi/cmd/moipod/internal/bootnode.go:205.3,205.15 1 0
github.com/sarvalabs/go-moi/cmd/moipod/internal/bootnode.go:210.2,225.16 2 0
github.com/sarvalabs/go-moi/cmd/moipod/internal/bootnode.go:225.16,226.13 1 0
github.com/sarvalabs/go-moi/cmd/moipod/internal/bootnode.go:229.2,232.37 3 0
github.com/sarvalabs/go-moi/cmd/moipod/internal/bootnode.go:232.37,233.17 1 0
github.com/sarvalabs/go-moi/cmd/moipod/internal/bootnode.go:233.17,234.12 1 0
github.com/sarvalabs/go-moi/cmd/moipod/internal/bootnode.go:237.3,238.17 2 0
github.com/sarvalabs/go-moi/cmd/moipod/internal/bootnode.go:238.17,241.12 2 0
github.com/sarvalabs/go-moi/cmd/moipod/internal/bootnode.go:244.3,245.17 2 0
github.com/sarvalabs/go-moi/cmd/moipod/internal/bootnode.go:245.17,248.12 2 0
github.com/sarvalabs/go-moi/cmd/moipod/internal/bootnode.go:251.3,252.17 2 0
github.com/sarvalabs/go-moi/cmd/moipod/internal/bootnode.go:252.17,254.4 1 0
github.com/sarvalabs/go-moi/cmd/moipod/internal/bootnode.go:256.3,256.49 1 0
github.com/sarvalabs/go-moi/cmd/moipod/internal/bootnode.go:260.2,278.12 12 0
github.com/sarvalabs/go-moi/cmd/moipod/internal/bootnode.go:281.60,283.16 2 0
github.com/sarvalabs/go-moi/cmd/moipod/internal/bootnode.go:283.16,284.25 1 0
github.com/sarvalabs/go-moi/cmd/moipod/internal/bootnode.go:284.25,286.4 1 0
github.com/sarvalabs/go-moi/cmd/moipod/internal/bootnode.go:288.3,288.17 1 0
github.com/sarvalabs/go-moi/cmd/moipod/internal/bootnode.go:288.17,290.4 1 0
github.com/sarvalabs/go-moi/cmd/moipod/internal/bootnode.go:293.2,293.17 1 0
github.com/sarvalabs/go-moi/cmd/moipod/internal/bootnode.go:296.62,298.16 2 0
github.com/sarvalabs/go-moi/cmd/moipod/internal/bootnode.go:298.16,300.3 1 0
github.com/sarvalabs/go-moi/cmd/moipod/internal/bootnode.go:302.2,303.16 2 0
github.com/sarvalabs/go-moi/cmd/moipod/internal/bootnode.go:303.16,305.3 1 0
github.com/sarvalabs/go-moi/cmd/moipod/internal/bootnode.go:307.2,309.17 2 0
github.com/sarvalabs/go-moi/cmd/moipod/internal/bootnode.go:312.69,314.16 2 0
github.com/sarvalabs/go-moi/cmd/moipod/internal/bootnode.go:314.16,316.3 1 0
github.com/sarvalabs/go-moi/cmd/moipod/internal/bootnode.go:318.2,319.16 2 0
github.com/sarvalabs/go-moi/cmd/moipod/internal/bootnode.go:319.16,321.3 1 0
github.com/sarvalabs/go-moi/cmd/moipod/internal/bootnode.go:323.2,323.59 1 0
github.com/sarvalabs/go-moi/cmd/moipod/internal/bootnode.go:323.59,325.3 1 0
github.com/sarvalabs/go-moi/cmd/moipod/internal/bootnode.go:327.2,329.17 2 0
github.com/sarvalabs/go-moi/cmd/moipod/internal/bootnode.go:332.86,336.6 3 0
github.com/sarvalabs/go-moi/cmd/moipod/internal/bootnode.go:336.6,337.10 1 0
github.com/sarvalabs/go-moi/cmd/moipod/internal/bootnode.go:338.19,339.28 1 0
github.com/sarvalabs/go-moi/cmd/moipod/internal/bootnode.go:339.28,340.64 1 0
github.com/sarvalabs/go-moi/cmd/moipod/internal/bootnode.go:340.64,344.20 3 0
github.com/sarvalabs/go-moi/cmd/moipod/internal/bootnode.go:344.20,346.7 1 0
github.com/sarvalabs/go-moi/cmd/moipod/internal/bootnode.go:350.21,351.10 1 0
github.com/sarvalabs/go-moi/cmd/moipod/internal/register.go:41.42,51.2 3 0
github.com/sarvalabs/go-moi/cmd/moipod/internal/register.go:53.45,130.2 20 0
github.com/sarvalabs/go-moi/cmd/moipod/internal/register.go:132.28,133.32 1 0
github.com/sarvalabs/go-moi/cmd/moipod/internal/register.go:133.32,135.3 1 0
github.com/sarvalabs/go-moi/cmd/moipod/internal/register.go:137.2,137.25 1 0
github.com/sarvalabs/go-moi/cmd/moipod/internal/register.go:137.25,139.3 1 0
github.com/sarvalabs/go-moi/cmd/moipod/internal/register.go:141.2,141.20 1 0
github.com/sarvalabs/go-moi/cmd/moipod/internal/register.go:141.20,143.3 1 0
github.com/sarvalabs/go-moi/cmd/moipod/internal/register.go:145.2,145.21 1 0
github.com/sarvalabs/go-moi/cmd/moipod/internal/register.go:145.21,147.3 1 0
github.com/sarvalabs/go-moi/cmd/moipod/internal/register.go:149.2,149.21 1 0
github.com/sarvalabs/go-moi/cmd/moipod/internal/register.go:149.21,151.3 1 0
github.com/sarvalabs/go-moi/cmd/moipod/internal/register.go:153.2,153.20 1 0
github.com/sarvalabs/go-moi/cmd/moipod/internal/register.go:153.20,155.3 1 0
github.com/sarvalabs/go-moi/cmd/moipod/internal/register.go:157.2,157.22 1 0
github.com/sarvalabs/go-moi/cmd/moipod/internal/register.go:157.22,159.3 1 0
github.com/sarvalabs/go-moi/cmd/moipod/internal/register.go:161.2,161.48 1 0
github.com/sarvalabs/go-moi/cmd/moipod/internal/register.go:161.48,162.25 1 0
github.com/sarvalabs/go-moi/cmd/moipod/internal/register.go:162.25,164.4 1 0
github.com/sarvalabs/go-moi/cmd/moipod/internal/register.go:166.3,166.13 1 0
github.com/sarvalabs/go-moi/cmd/moipod/internal/register.go:169.2,169.57 1 0
github.com/sarvalabs/go-moi/cmd/moipod/internal/register.go:169.57,170.25 1 0
github.com/sarvalabs/go-moi/cmd/moipod/internal/register.go:170.25,172.4 1 0
github.com/sarvalabs/go-moi/cmd/moipod/internal/register.go:174.3,174.13 1 0
github.com/sarvalabs/go-moi/cmd/moipod/internal/register.go:177.2,177.12 1 0
github.com/sarvalabs/go-moi/cmd/moipod/internal/register.go:180.60,181.40 1 0
github.com/sarvalabs/go-moi/cmd/moipod/internal/register.go:181.40,183.3 1 0
github.com/sarvalabs/go-moi/cmd/moipod/internal/register.go:185.2,187.36 2 0
github.com/sarvalabs/go-moi/cmd/moipod/internal/register.go:187.36,189.17 2 0
github.com/sarvalabs/go-moi/cmd/moipod/internal/register.go:189.17,191.4 1 0
github.com/sarvalabs/go-moi/cmd/moipod/internal/register.go:193.3,193.38 1 0
github.com/sarvalabs/go-moi/cmd/moipod/internal/register.go:196.2,196.24 1 0
github.com/sarvalabs/go-moi/cmd/moipod/internal/register.go:196.24,198.17 2 0
github.com/sarvalabs/go-moi/cmd/moipod/internal/register.go:198.17,200.4 1 0
github.com/sarvalabs/go-moi/cmd/moipod/internal/register.go:202.3,202.26 1 0
github.com/sarvalabs/go-moi/cmd/moipod/internal/register.go:205.2,214.16 2 0
github.com/sarvalabs/go-moi/cmd/moipod/internal/register.go:214.16,216.3 1 0
github.com/sarvalabs/go-moi/cmd/moipod/internal/register.go:218.2,218.25 1 0
github.com/sarvalabs/go-moi/cmd/moipod/internal/register.go:221.49,223.16 2 0
github.com/sarvalabs/go-moi/cmd/moipod/internal/register.go:223.16,225.3 1 0
github.com/sarvalabs/go-moi/cmd/moipod/internal/register.go:227.2,228.16 2 0
github.com/sarvalabs/go-moi/cmd/moipod/internal/register.go:228.16,229.13 1 0
github.com/sarvalabs/go-moi/cmd/moipod/internal/register.go:233.2,234.16 2 0
github.com/sarvalabs/go-moi/cmd/moipod/internal/register.go:234.16,236.3 1 0
github.com/sarvalabs/go-moi/cmd/moipod/internal/register.go:238.2,238.18 1 0
github.com/sarvalabs/go-moi/cmd/moipod/internal/register.go:238.18,240.3 1 0
github.com/sarvalabs/go-moi/cmd/moipod/internal/register.go:248.2,257.16 3 0
github.com/sarvalabs/go-moi/cmd/moipod/internal/register.go:257.16,259.3 1 0
github.com/sarvalabs/go-moi/cmd/moipod/internal/register.go:261.2,270.16 3 0
github.com/sarvalabs/go-moi/cmd/moipod/internal/register.go:270.16,272.3 1 0
github.com/sarvalabs/go-moi/cmd/moipod/internal/register.go:274.2,301.16 3 0
github.com/sarvalabs/go-moi/cmd/moipod/internal/register.go:301.16,303.3 1 0
github.com/sarvalabs/go-moi/cmd/moipod/internal/register.go:305.2,306.16 2 0
github.com/sarvalabs/go-moi/cmd/moipod/internal/register.go:306.16,308.3 1 0
github.com/sarvalabs/go-moi/cmd/moipod/internal/register.go:310.2,314.16 2 0
github.com/sarvalabs/go-moi/cmd/moipod/internal/register.go:314.16,316.3 1 0
github.com/sarvalabs/go-moi/cmd/moipod/internal/register.go:318.2,324.16 5 0
github.com/sarvalabs/go-moi/cmd/moipod/internal/register.go:324.16,326.3 1 0
github.com/sarvalabs/go-moi/cmd/moipod/internal/register.go:328.2,328.43 1 0
github.com/sarvalabs/go-moi/cmd/moipod/internal/register.go:328.43,332.3 2 0
github.com/sarvalabs/go-moi/cmd/moipod/internal/register.go:334.2,335.44 2 0
github.com/sarvalabs/go-moi/cmd/moipod/internal/version.go:10.41,14.48 1 0
github.com/sarvalabs/go-moi/cmd/moipod/internal/version.go:14.48,16.4 1 0
github.com/sarvalabs/go-moi/cmd/moipod/internal/genesis/genesis.go:7.34,11.48 1 0
github.com/sarvalabs/go-moi/cmd/moipod/internal/genesis/genesis.go:11.48,13.4 1 0
github.com/sarvalabs/go-moi/cmd/moipod/internal/genesis/genesis.go:16.2,19.19 3 0
github.com/sarvalabs/go-moi/cmd/moipod/internal/genesis/genesis.go:22.43,28.2 1 0
github.com/sarvalabs/go-moi/cmd/moipod/internal/genesis/genesis.go:30.44,43.2 2 0
github.com/sarvalabs/go-moi/cmd/moipod/internal/genesis/initAccount.go:14.45,18.48 1 0
github.com/sarvalabs/go-moi/cmd/moipod/internal/genesis/initAccount.go:18.48,20.4 1 0
github.com/sarvalabs/go-moi/cmd/moipod/internal/genesis/initAccount.go:23.2,25.23 2 0
github.com/sarvalabs/go-moi/cmd/moipod/internal/genesis/initAccount.go:28.48,54.78 5 0
github.com/sarvalabs/go-moi/cmd/moipod/internal/genesis/initAccount.go:54.78,56.3 1 0
github.com/sarvalabs/go-moi/cmd/moipod/internal/genesis/initAccount.go:59.20,61.16 2 0
github.com/sarvalabs/go-moi/cmd/moipod/internal/genesis/initAccount.go:61.16,63.3 1 0
github.com/sarvalabs/go-moi/cmd/moipod/internal/genesis/initAccount.go:65.2,65.30 1 0
github.com/sarvalabs/go-moi/cmd/moipod/internal/genesis/initAccount.go:65.30,70.3 1 0
github.com/sarvalabs/go-moi/cmd/moipod/internal/genesis/initAccount.go:72.2,73.16 2 0
github.com/sarvalabs/go-moi/cmd/moipod/internal/genesis/initAccount.go:73.16,74.13 1 0
github.com/sarvalabs/go-moi/cmd/moipod/internal/genesis/initAccount.go:77.2,83.78 2 0
github.com/sarvalabs/go-moi/cmd/moipod/internal/genesis/initAccount.go:83.78,85.3 1 0
github.com/sarvalabs/go-moi/cmd/moipod/internal/genesis/predeploy.go:11.43,22.2 4 0
github.com/sarvalabs/go-moi/cmd/moipod/internal/genesis/predeploy.go:24.61,26.16 2 0
github.com/sarvalabs/go-moi/cmd/moipod/internal/genesis/predeploy.go:26.16,28.3 1 0
github.com/sarvalabs/go-moi/cmd/moipod/internal/genesis/predeploy.go:30.2,30.27 1 0
github.com/sarvalabs/go-moi/cmd/moipod/internal/genesis/predeploy.go:33.52,35.2 1 0
github.com/sarvalabs/go-moi/cmd/moipod/internal/genesis/predeploy.go:37.46,50.2 2 0
github.com/sarvalabs/go-moi/cmd/moipod/internal/genesis/predeploy.go:53.52,55.16 2 0
github.com/sarvalabs/go-moi/cmd/moipod/internal/genesis/predeploy.go:55.16,57.3 1 0
github.com/sarvalabs/go-moi/cmd/moipod/internal/genesis/predeploy.go:59.2,59.30 1 0
github.com/sarvalabs/go-moi/cmd/moipod/internal/genesis/predeploy.go:59.30,64.3 1 0
github.com/sarvalabs/go-moi/cmd/moipod/internal/genesis/predeploy.go:66.2,74.78 2 0
github.com/sarvalabs/go-moi/cmd/moipod/internal/genesis/predeploy.go:74.78,76.3 1 0
github.com/sarvalabs/go-moi/cmd/moipod/internal/genesis/premine.go:24.41,28.48 1 0
github.com/sarvalabs/go-moi/cmd/moipod/internal/genesis/premine.go:28.48,30.4 1 0
github.com/sarvalabs/go-moi/cmd/moipod/internal/genesis/premine.go:33.2,35.19 2 0
github.com/sarvalabs/go-moi/cmd/moipod/internal/genesis/premine.go:38.44,58.74 4 0
github.com/sarvalabs/go-moi/cmd/moipod/internal/genesis/premine.go:58.74,60.3 1 0
github.com/sarvalabs/go-moi/cmd/moipod/internal/genesis/premine.go:62.2,62.75 1 0
github.com/sarvalabs/go-moi/cmd/moipod/internal/genesis/premine.go:62.75,64.3 1 0
github.com/sarvalabs/go-moi/cmd/moipod/internal/genesis/premine.go:67.17,69.16 2 0
github.com/sarvalabs/go-moi/cmd/moipod/internal/genesis/premine.go:69.16,71.3 1 0
github.com/sarvalabs/go-moi/cmd/moipod/internal/genesis/premine.go:73.2,74.16 2 0
github.com/sarvalabs/go-moi/cmd/moipod/internal/genesis/premine.go:74.16,76.3 1 0
github.com/sarvalabs/go-moi/cmd/moipod/internal/genesis/premine.go:78.2,78.30 1 0
github.com/sarvalabs/go-moi/cmd/moipod/internal/genesis/premine.go:78.30,83.3 1 0
github.com/sarvalabs/go-moi/cmd/moipod/internal/genesis/premine.go:85.2,90.78 2 0
github.com/sarvalabs/go-moi/cmd/moipod/internal/genesis/premine.go:90.78,92.3 1 0
github.com/sarvalabs/go-moi/cmd/moipod/internal/genesis/premine.go:96.110,98.42 2 0
github.com/sarvalabs/go-moi/cmd/moipod/internal/genesis/premine.go:98.42,100.3 1 0
github.com/sarvalabs/go-moi/cmd/moipod/internal/genesis/premine.go:103.2,104.18 2 0
github.com/sarvalabs/go-moi/cmd/moipod/internal/genesis/premine.go:104.18,106.3 1 0
github.com/sarvalabs/go-moi/cmd/moipod/internal/genesis/premine.go:108.2,109.45 2 0
github.com/sarvalabs/go-moi/cmd/moipod/internal/genesis/premine.go:109.45,111.3 1 0
github.com/sarvalabs/go-moi/cmd/moipod/internal/genesis/premine.go:113.2,114.45 2 0
github.com/sarvalabs/go-moi/cmd/moipod/internal/genesis/premine.go:114.45,116.3 1 0
github.com/sarvalabs/go-moi/cmd/moipod/internal/genesis/premine.go:118.2,119.44 2 0
github.com/sarvalabs/go-moi/cmd/moipod/internal/genesis/premine.go:119.44,121.3 1 0
github.com/sarvalabs/go-moi/cmd/moipod/internal/genesis/premine.go:123.2,124.14 2 0
github.com/sarvalabs/go-moi/cmd/moipod/internal/genesis/premine.go:124.14,126.3 1 0
github.com/sarvalabs/go-moi/cmd/moipod/internal/genesis/premine.go:128.2,129.20 2 0
github.com/sarvalabs/go-moi/cmd/moipod/internal/genesis/premine.go:129.20,131.3 1 0
github.com/sarvalabs/go-moi/cmd/moipod/internal/genesis/premine.go:133.2,146.36 3 0
github.com/sarvalabs/go-moi/cmd/moipod/internal/genesis/premine.go:146.36,148.3 1 0
github.com/sarvalabs/go-moi/cmd/moipod/internal/genesis/premine.go:150.2,150.18 1 0
github.com/sarvalabs/go-moi/cmd/moipod/internal/genesis/premine.go:154.60,155.72 1 0
github.com/sarvalabs/go-moi/cmd/moipod/internal/genesis/premine.go:155.72,160.17 3 0
github.com/sarvalabs/go-moi/cmd/moipod/internal/genesis/premine.go:160.17,162.4 1 0
github.com/sarvalabs/go-moi/cmd/moipod/internal/genesis/premine.go:164.3,169.4 2 0
github.com/sarvalabs/go-moi/cmd/moipod/internal/genesis/premine.go:172.2,174.12 2 0
github.com/sarvalabs/go-moi/cmd/moipod/internal/genesis/utils.go:16.55,17.16 1 0
github.com/sarvalabs/go-moi/cmd/moipod/internal/genesis/utils.go:17.16,19.3 1 0
github.com/sarvalabs/go-moi/cmd/moipod/internal/genesis/utils.go:21.2,24.34 3 0
github.com/sarvalabs/go-moi/cmd/moipod/internal/genesis/utils.go:24.34,27.3 2 0
github.com/sarvalabs/go-moi/cmd/moipod/internal/genesis/utils.go:29.2,30.9 2 0
github.com/sarvalabs/go-moi/cmd/moipod/internal/genesis/utils.go:30.9,32.3 1 0
github.com/sarvalabs/go-moi/cmd/moipod/internal/genesis/utils.go:34.2,34.15 1 0
github.com/sarvalabs/go-moi/cmd/moipod/internal/genesis/utils.go:37.78,39.16 2 0
github.com/sarvalabs/go-moi/cmd/moipod/internal/genesis/utils.go:39.16,41.3 1 0
github.com/sarvalabs/go-moi/cmd/moipod/internal/genesis/utils.go:43.2,43.41 1 0
github.com/sarvalabs/go-moi/cmd/moipod/internal/genesis/utils.go:43.41,45.3 1 0
github.com/sarvalabs/go-moi/cmd/moipod/internal/genesis/utils.go:47.2,47.40 1 0
github.com/sarvalabs/go-moi/common/config/config.go:142.47,215.2 2 0
github.com/sarvalabs/go-moi/common/config/config.go:218.76,222.2 1 0
github.com/sarvalabs/go-moi/common/config/config.go:225.78,229.2 1 0
github.com/sarvalabs/go-moi/common/config/defaults.go:95.36,97.2 1 0
github.com/sarvalabs/go-moi/common/config/defaults.go:99.37,101.2 1 0
github.com/sarvalabs/go-moi/common/config/version.go:15.37,17.2 1 0
github.com/sarvalabs/go-moi/cmd/moipod/internal/server/server.go:80.40,90.2 3 0
github.com/sarvalabs/go-moi/cmd/moipod/internal/server/server.go:92.52,93.21 1 0
github.com/sarvalabs/go-moi/cmd/moipod/internal/server/server.go:93.21,95.3 1 0
github.com/sarvalabs/go-moi/cmd/moipod/internal/server/server.go:97.2,97.16 1 0
github.com/sarvalabs/go-moi/cmd/moipod/internal/server/server.go:100.37,175.82 22 0
github.com/sarvalabs/go-moi/cmd/moipod/internal/server/server.go:175.82,177.3 1 0
github.com/sarvalabs/go-moi/cmd/moipod/internal/server/server.go:180.55,181.52 1 0
github.com/sarvalabs/go-moi/cmd/moipod/internal/server/server.go:181.52,183.3 1 0
github.com/sarvalabs/go-moi/cmd/moipod/internal/server/server.go:185.2,185.50 1 0
github.com/sarvalabs/go-moi/cmd/moipod/internal/server/server.go:185.50,187.3 1 0
github.com/sarvalabs/go-moi/cmd/moipod/internal/server/server.go:189.2,190.16 2 0
github.com/sarvalabs/go-moi/cmd/moipod/internal/server/server.go:190.16,192.3 1 0
github.com/sarvalabs/go-moi/cmd/moipod/internal/server/server.go:194.2,195.16 2 0
github.com/sarvalabs/go-moi/cmd/moipod/internal/server/server.go:195.16,197.3 1 0
github.com/sarvalabs/go-moi/cmd/moipod/internal/server/server.go:199.2,200.16 2 0
github.com/sarvalabs/go-moi/cmd/moipod/internal/server/server.go:200.16,202.3 1 0
github.com/sarvalabs/go-moi/cmd/moipod/internal/server/server.go:205.2,205.19 1 0
github.com/sarvalabs/go-moi/cmd/moipod/internal/server/server.go:205.19,207.3 1 0
github.com/sarvalabs/go-moi/cmd/moipod/internal/server/server.go:209.2,211.87 2 0
github.com/sarvalabs/go-moi/cmd/moipod/internal/server/server.go:211.87,213.3 1 0
github.com/sarvalabs/go-moi/cmd/moipod/internal/server/server.go:216.36,220.16 3 0
github.com/sarvalabs/go-moi/cmd/moipod/internal/server/server.go:220.16,222.3 1 0
github.com/sarvalabs/go-moi/cmd/moipod/internal/server/server.go:224.2,225.16 2 0
github.com/sarvalabs/go-moi/cmd/moipod/internal/server/server.go:225.16,227.3 1 0
github.com/sarvalabs/go-moi/cmd/moipod/internal/server/server.go:229.2,229.59 1 0
github.com/sarvalabs/go-moi/cmd/moipod/internal/server/server.go:229.59,231.3 1 0
github.com/sarvalabs/go-moi/cmd/moipod/internal/server/server.go:233.2,234.16 2 0
github.com/sarvalabs/go-moi/cmd/moipod/internal/server/server.go:234.16,236.3 1 0
github.com/sarvalabs/go-moi/cmd/moipod/internal/server/server.go:238.2,250.16 4 0
github.com/sarvalabs/go-moi/cmd/moipod/internal/server/server.go:250.16,252.3 1 0
github.com/sarvalabs/go-moi/cmd/moipod/internal/server/server.go:254.2,254.15 1 0
github.com/sarvalabs/go-moi/cmd/moipod/internal/server/server.go:254.15,257.42 2 0
github.com/sarvalabs/go-moi/cmd/moipod/internal/server/server.go:257.42,259.4 1 0
github.com/sarvalabs/go-moi/cmd/moipod/internal/server/server.go:262.2,266.11 3 0
github.com/sarvalabs/go-moi/cmd/moipod/internal/server/utils.go:46.53,47.45 1 0
github.com/sarvalabs/go-moi/cmd/moipod/internal/server/utils.go:47.45,49.17 2 0
github.com/sarvalabs/go-moi/cmd/moipod/internal/server/utils.go:49.17,51.4 1 0
github.com/sarvalabs/go-moi/cmd/moipod/internal/server/utils.go:54.2,54.12 1 0
github.com/sarvalabs/go-moi/cmd/moipod/internal/server/utils.go:57.54,59.47 1 0
github.com/sarvalabs/go-moi/cmd/moipod/internal/server/utils.go:59.47,61.3 1 0
github.com/sarvalabs/go-moi/cmd/moipod/internal/server/utils.go:63.2,63.52 1 0
github.com/sarvalabs/go-moi/cmd/moipod/internal/server/utils.go:63.52,65.17 2 0
github.com/sarvalabs/go-moi/cmd/moipod/internal/server/utils.go:65.17,67.4 1 0
github.com/sarvalabs/go-moi/cmd/moipod/internal/server/utils.go:69.3,69.52 1 0
github.com/sarvalabs/go-moi/cmd/moipod/internal/server/utils.go:72.2,72.12 1 0
github.com/sarvalabs/go-moi/cmd/moipod/internal/server/utils.go:75.52,76.60 1 0
github.com/sarvalabs/go-moi/cmd/moipod/internal/server/utils.go:76.60,78.17 2 0
github.com/sarvalabs/go-moi/cmd/moipod/internal/server/utils.go:78.17,80.4 1 0
github.com/sarvalabs/go-moi/cmd/moipod/internal/server/utils.go:82.3,85.5 1 0
github.com/sarvalabs/go-moi/cmd/moipod/internal/server/utils.go:88.2,88.12 1 0
github.com/sarvalabs/go-moi/cmd/moipod/internal/server/utils.go:91.51,92.58 1 0
github.com/sarvalabs/go-moi/cmd/moipod/internal/server/utils.go:92.58,94.17 2 0
github.com/sarvalabs/go-moi/cmd/moipod/internal/server/utils.go:94.17,96.4 1 0
github.com/sarvalabs/go-moi/cmd/moipod/internal/server/utils.go:98.3,101.5 1 0
github.com/sarvalabs/go-moi/cmd/moipod/internal/server/utils.go:104.2,104.12 1 0
github.com/sarvalabs/go-moi/cmd/moipod/internal/server/utils.go:107.44,108.53 1 0
github.com/sarvalabs/go-moi/cmd/moipod/internal/server/utils.go:108.53,110.17 2 0
github.com/sarvalabs/go-moi/cmd/moipod/internal/server/utils.go:110.17,112.4 1 0
github.com/sarvalabs/go-moi/cmd/moipod/internal/server/utils.go:114.3,117.5 1 0
github.com/sarvalabs/go-moi/cmd/moipod/internal/server/utils.go:120.2,120.12 1 0
github.com/sarvalabs/go-moi/cmd/moipod/internal/server/utils.go:123.45,124.62 1 0
github.com/sarvalabs/go-moi/cmd/moipod/internal/server/utils.go:124.62,126.17 2 0
github.com/sarvalabs/go-moi/cmd/moipod/internal/server/utils.go:126.17,128.4 1 0
github.com/sarvalabs/go-moi/cmd/moipod/internal/server/utils.go:130.3,133.5 1 0
github.com/sarvalabs/go-moi/cmd/moipod/internal/server/utils.go:136.2,136.12 1 0
github.com/sarvalabs/go-moi/cmd/moipod/internal/server/utils.go:139.45,142.53 2 0
github.com/sarvalabs/go-moi/cmd/moipod/internal/server/utils.go:142.53,144.3 1 0
github.com/sarvalabs/go-moi/cmd/moipod/internal/server/utils.go:146.2,146.52 1 0
github.com/sarvalabs/go-moi/cmd/moipod/internal/server/utils.go:146.52,148.3 1 0
github.com/sarvalabs/go-moi/cmd/moipod/internal/server/utils.go:150.2,150.55 1 0
github.com/sarvalabs/go-moi/cmd/moipod/internal/server/utils.go:150.55,152.3 1 0
github.com/sarvalabs/go-moi/cmd/moipod/internal/server/utils.go:154.2,154.12 1 0
github.com/sarvalabs/go-moi/cmd/moipod/internal/server/utils.go:157.59,158.43 1 0
github.com/sarvalabs/go-moi/cmd/moipod/internal/server/utils.go:158.43,160.3 1 0
github.com/sarvalabs/go-moi/cmd/moipod/internal/server/utils.go:162.2,162.48 1 0
github.com/sarvalabs/go-moi/cmd/moipod/internal/server/utils.go:162.48,164.17 2 0
github.com/sarvalabs/go-moi/cmd/moipod/internal/server/utils.go:164.17,166.4 1 0
github.com/sarvalabs/go-moi/cmd/moipod/internal/server/utils.go:168.3,168.54 1 0
github.com/sarvalabs/go-moi/cmd/moipod/internal/server/utils.go:171.2,171.12 1 0
github.com/sarvalabs/go-moi/cmd/moipod/internal/server/utils.go:174.59,175.56 1 0
github.com/sarvalabs/go-moi/cmd/moipod/internal/server/utils.go:175.56,177.17 2 0
github.com/sarvalabs/go-moi/cmd/moipod/internal/server/utils.go:177.17,179.4 1 0
github.com/sarvalabs/go-moi/cmd/moipod/internal/server/utils.go:181.3,181.60 1 0
github.com/sarvalabs/go-moi/cmd/moipod/internal/server/utils.go:184.2,184.12 1 0
github.com/sarvalabs/go-moi/cmd/moipod/internal/server/utils.go:187.57,189.40 1 0
github.com/sarvalabs/go-moi/cmd/moipod/internal/server/utils.go:189.40,191.3 1 0
github.com/sarvalabs/go-moi/cmd/moipod/internal/server/utils.go:193.2,194.16 2 0
github.com/sarvalabs/go-moi/cmd/moipod/internal/server/utils.go:194.16,196.3 1 0
github.com/sarvalabs/go-moi/cmd/moipod/internal/server/utils.go:198.2,198.12 1 0
github.com/sarvalabs/go-moi/cmd/moipod/internal/server/utils.go:204.68,205.23 1 0
github.com/sarvalabs/go-moi/cmd/moipod/internal/server/utils.go:205.23,207.3 1 0
github.com/sarvalabs/go-moi/cmd/moipod/internal/server/utils.go:209.2,209.29 1 0
github.com/sarvalabs/go-moi/cmd/moipod/internal/server/utils.go:209.29,212.43 2 0
github.com/sarvalabs/go-moi/cmd/moipod/internal/server/utils.go:212.43,213.60 1 0
github.com/sarvalabs/go-moi/cmd/moipod/internal/server/utils.go:213.60,215.5 1 0
github.com/sarvalabs/go-moi/cmd/moipod/internal/server/utils.go:217.4,217.31 1 0
github.com/sarvalabs/go-moi/cmd/moipod/internal/server/utils.go:220.3,220.46 1 0
github.com/sarvalabs/go-moi/cmd/moipod/internal/server/utils.go:223.2,223.28 1 0
github.com/sarvalabs/go-moi/cmd/moipod/internal/server/utils.go:223.28,225.3 1 0
github.com/sarvalabs/go-moi/cmd/moipod/internal/server/utils.go:227.2,227.29 1 0
github.com/sarvalabs/go-moi/cmd/moipod/internal/server/utils.go:227.29,229.3 1 0
github.com/sarvalabs/go-moi/cmd/moipod/internal/server/utils.go:231.2,231.31 1 0
github.com/sarvalabs/go-moi/cmd/moipod/internal/server/utils.go:231.31,233.3 1 0
github.com/sarvalabs/go-moi/cmd/moipod/internal/server/utils.go:235.2,235.23 1 0
github.com/sarvalabs/go-moi/cmd/moipod/internal/server/utils.go:235.23,237.3 1 0
github.com/sarvalabs/go-moi/cmd/moipod/internal/server/utils.go:239.2,239.35 1 0
github.com/sarvalabs/go-moi/cmd/moipod/internal/server/utils.go:239.35,241.3 1 0
github.com/sarvalabs/go-moi/cmd/moipod/internal/server/utils.go:243.2,243.28 1 0
github.com/sarvalabs/go-moi/cmd/moipod/internal/server/utils.go:243.28,245.3 1 0
github.com/sarvalabs/go-moi/cmd/moipod/internal/server/utils.go:247.2,247.25 1 0
github.com/sarvalabs/go-moi/cmd/moipod/internal/server/utils.go:247.25,249.3 1 0
github.com/sarvalabs/go-moi/cmd/moipod/internal/server/utils.go:251.2,251.28 1 0
github.com/sarvalabs/go-moi/cmd/moipod/internal/server/utils.go:251.28,253.3 1 0
github.com/sarvalabs/go-moi/cmd/moipod/internal/server/utils.go:255.2,255.23 1 0
github.com/sarvalabs/go-moi/cmd/moipod/internal/server/utils.go:255.23,257.3 1 0
github.com/sarvalabs/go-moi/cmd/moipod/internal/server/utils.go:259.2,259.34 1 0
github.com/sarvalabs/go-moi/cmd/moipod/internal/server/utils.go:259.34,261.3 1 0
github.com/sarvalabs/go-moi/cmd/moipod/internal/server/utils.go:263.2,263.33 1 0
github.com/sarvalabs/go-moi/cmd/moipod/internal/server/utils.go:263.33,265.3 1 0
github.com/sarvalabs/go-moi/cmd/moipod/internal/server/utils.go:267.2,267.59 1 0
github.com/sarvalabs/go-moi/cmd/moipod/internal/server/utils.go:267.59,269.3 1 0
github.com/sarvalabs/go-moi/cmd/moipod/internal/server/utils.go:271.2,271.13 1 0
github.com/sarvalabs/go-moi/cmd/moipod/internal/server/utils.go:271.13,273.82 2 0
github.com/sarvalabs/go-moi/cmd/moipod/internal/server/utils.go:273.82,275.4 1 0
github.com/sarvalabs/go-moi/cmd/moipod/internal/server/utils.go:277.3,279.69 2 0
github.com/sarvalabs/go-moi/cmd/moipod/internal/server/utils.go:279.69,281.4 1 0
github.com/sarvalabs/go-moi/cmd/moipod/internal/server/utils.go:283.3,284.17 2 0
github.com/sarvalabs/go-moi/cmd/moipod/internal/server/utils.go:284.17,286.4 1 0
github.com/sarvalabs/go-moi/cmd/moipod/internal/server/utils.go:288.3,290.13 2 0
github.com/sarvalabs/go-moi/cmd/moipod/internal/server/utils.go:293.2,293.12 1 0
github.com/sarvalabs/go-moi/cmd/moipod/internal/server/utils.go:296.55,305.2 1 0
github.com/sarvalabs/go-moi/cmd/moipod/internal/server/utils.go:307.59,332.79 2 0
github.com/sarvalabs/go-moi/cmd/moipod/internal/server/utils.go:332.79,335.3 2 0
github.com/sarvalabs/go-moi/cmd/moipod/internal/server/utils.go:337.2,337.11 1 0
github.com/sarvalabs/go-moi/cmd/moipod/internal/server/utils.go:340.74,367.2 1 0
github.com/sarvalabs/go-moi/cmd/moipod/internal/server/utils.go:369.57,376.2 1 0
github.com/sarvalabs/go-moi/cmd/moipod/internal/server/utils.go:378.60,384.2 1 0
github.com/sarvalabs/go-moi/cmd/moipod/internal/server/utils.go:386.63,391.2 1 0
github.com/sarvalabs/go-moi/cmd/moipod/internal/server/utils.go:393.57,404.2 1 0
github.com/sarvalabs/go-moi/cmd/moipod/internal/server/utils.go:406.57,412.2 1 0
github.com/sarvalabs/go-moi/cmd/moipod/internal/server/utils.go:414.59,419.2 1 0
github.com/sarvalabs/go-moi/cmd/moipod/internal/server/utils.go:421.55,425.2 1 0
github.com/sarvalabs/go-moi/cmd/moipod/internal/server/utils.go:428.43,431.46 2 0
github.com/sarvalabs/go-moi/cmd/moipod/internal/server/utils.go:431.46,433.3 1 0
github.com/sarvalabs/go-moi/cmd/moipod/internal/server/utils.go:435.2,435.45 1 0
github.com/sarvalabs/go-moi/cmd/moipod/internal/server/utils.go:435.45,437.3 1 0
github.com/sarvalabs/go-moi/cmd/moipod/internal/server/utils.go:439.2,439.46 1 0
github.com/sarvalabs/go-moi/cmd/moipod/internal/server/utils.go:439.46,441.3 1 0
github.com/sarvalabs/go-moi/cmd/moipod/internal/server/utils.go:443.2,443.60 1 0
github.com/sarvalabs/go-moi/cmd/moipod/internal/server/utils.go:443.60,445.3 1 0
github.com/sarvalabs/go-moi/cmd/moipod/internal/server/utils.go:447.2,447.60 1 0
github.com/sarvalabs/go-moi/cmd/moipod/internal/server/utils.go:447.60,449.3 1 0
github.com/sarvalabs/go-moi/cmd/moipod/internal/server/utils.go:451.2,451.52 1 0
github.com/sarvalabs/go-moi/cmd/moipod/internal/server/utils.go:451.52,453.3 1 0
github.com/sarvalabs/go-moi/cmd/moipod/internal/server/utils.go:455.2,455.48 1 0
github.com/sarvalabs/go-moi/cmd/moipod/internal/server/utils.go:455.48,457.3 1 0
github.com/sarvalabs/go-moi/cmd/moipod/internal/server/utils.go:459.2,459.12 1 0
github.com/sarvalabs/go-moi/cmd/moipod/internal/server/utils.go:463.68,481.2 1 0
github.com/sarvalabs/go-moi/cmd/moipod/internal/server/utils.go:483.57,487.16 3 0
github.com/sarvalabs/go-moi/cmd/moipod/internal/server/utils.go:487.16,489.3 1 0
github.com/sarvalabs/go-moi/cmd/moipod/internal/server/utils.go:491.2,491.49 1 0
github.com/sarvalabs/go-moi/cmd/moipod/internal/server/utils.go:491.49,495.3 2 0
github.com/sarvalabs/go-moi/cmd/moipod/internal/server/utils.go:497.2,497.17 1 0
github.com/sarvalabs/go-moi/cmd/moipod/internal/server/utils.go:500.66,504.16 3 0
github.com/sarvalabs/go-moi/cmd/moipod/internal/server/utils.go:504.16,506.3 1 0
github.com/sarvalabs/go-moi/cmd/moipod/internal/server/utils.go:508.2,508.52 1 0
github.com/sarvalabs/go-moi/cmd/moipod/internal/server/utils.go:508.52,510.3 1 0
github.com/sarvalabs/go-moi/cmd/moipod/internal/server/utils.go:512.2,512.19 1 0
github.com/sarvalabs/go-moi/cmd/moipod/internal/server/utils.go:515.47,517.2 1 0
github.com/sarvalabs/go-moi/cmd/moipod/internal/server/utils.go:519.44,521.2 1 0
github.com/sarvalabs/go-moi/cmd/moipod/internal/server/utils.go:523.55,525.2 1 0
github.com/sarvalabs/go-moi/cmd/moipod/internal/server/utils.go:527.54,529.2 1 0
github.com/sarvalabs/go-moi/cmd/moipod/internal/server/utils.go:531.44,533.2 1 0
github.com/sarvalabs/go-moi/cmd/moipod/internal/server/utils.go:535.49,537.2 1 0
github.com/sarvalabs/go-moi/cmd/moipod/internal/server/utils.go:539.50,541.2 1 0
github.com/sarvalabs/go-moi/cmd/moipod/internal/server/utils.go:543.52,545.2 1 0
github.com/sarvalabs/go-moi/cmd/moipod/internal/server/utils.go:547.44,549.2 1 0
github.com/sarvalabs/go-moi/cmd/moipod/internal/server/utils.go:551.56,553.2 1 0
github.com/sarvalabs/go-moi/cmd/moipod/internal/server/utils.go:555.49,557.2 1 0
github.com/sarvalabs/go-moi/cmd/moipod/internal/server/utils.go:559.46,561.2 1 0
github.com/sarvalabs/go-moi/cmd/moipod/internal/server/utils.go:563.49,565.2 1 0
github.com/sarvalabs/go-moi/cmd/moipod/internal/server/utils.go:567.50,569.2 1 0
github.com/sarvalabs/go-moi/cmd/moipod/internal/server/utils.go:578.82,590.13 2 0
github.com/sarvalabs/go-moi/cmd/moipod/internal/server/utils.go:590.13,592.3 1 0
github.com/sarvalabs/go-moi/cmd/moipod/internal/server/utils.go:592.8,594.3 1 0
github.com/sarvalabs/go-moi/cmd/moipod/internal/server/utils.go:596.2,596.26 1 0
github.com/sarvalabs/go-moi/cmd/moipod/internal/server/utils.go:596.26,598.17 2 0
github.com/sarvalabs/go-moi/cmd/moipod/internal/server/utils.go:598.17,600.4 1 0
github.com/sarvalabs/go-moi/cmd/moipod/internal/server/utils.go:603.2,603.56 1 0
github.com/sarvalabs/go-moi/cmd/moipod/internal/server/utils.go:603.56,605.3 1 0
github.com/sarvalabs/go-moi/cmd/moipod/internal/server/utils.go:607.2,607.50 1 0
github.com/sarvalabs/go-moi/cmd/moipod/internal/server/utils.go:607.50,609.3 1 0
github.com/sarvalabs/go-moi/cmd/moipod/internal/server/utils.go:611.2,611.48 1 0
github.com/sarvalabs/go-moi/cmd/moipod/internal/server/utils.go:614.56,616.16 2 0
github.com/sarvalabs/go-moi/cmd/moipod/internal/server/utils.go:616.16,618.3 1 0
github.com/sarvalabs/go-moi/cmd/moipod/internal/server/utils.go:620.2,623.16 3 0
github.com/sarvalabs/go-moi/cmd/moipod/internal/server/utils.go:623.16,625.3 1 0
github.com/sarvalabs/go-moi/cmd/moipod/internal/server/utils.go:627.2,629.38 2 0
github.com/sarvalabs/go-moi/cmd/moipod/internal/server/utils.go:629.38,631.3 1 0
github.com/sarvalabs/go-moi/cmd/moipod/internal/server/utils.go:633.2,634.16 2 0
github.com/sarvalabs/go-moi/cmd/moipod/internal/server/utils.go:634.16,636.3 1 0
github.com/sarvalabs/go-moi/cmd/moipod/internal/server/utils.go:638.2,640.12 2 0
github.com/sarvalabs/go-moi/common/tests/account.go:17.81,19.16 2 0
github.com/sarvalabs/go-moi/common/tests/account.go:19.16,21.3 1 0
github.com/sarvalabs/go-moi/common/tests/account.go:23.2,23.66 1 0
github.com/sarvalabs/go-moi/common/tests/account.go:23.66,25.3 1 0
github.com/sarvalabs/go-moi/common/tests/account.go:27.2,29.12 2 0
github.com/sarvalabs/go-moi/common/tests/account.go:32.74,36.16 3 0
github.com/sarvalabs/go-moi/common/tests/account.go:36.16,38.3 1 0
github.com/sarvalabs/go-moi/common/tests/account.go:40.2,40.55 1 0
github.com/sarvalabs/go-moi/common/tests/account.go:40.55,42.3 1 0
github.com/sarvalabs/go-moi/common/tests/account.go:44.2,44.22 1 0
github.com/sarvalabs/go-moi/common/tests/helper.go:44.63,51.2 4 0
github.com/sarvalabs/go-moi/common/tests/helper.go:53.60,57.2 2 0
github.com/sarvalabs/go-moi/common/tests/helper.go:59.80,65.2 3 0
github.com/sarvalabs/go-moi/common/tests/helper.go:67.75,73.2 3 0
github.com/sarvalabs/go-moi/common/tests/helper.go:75.74,79.2 2 0
github.com/sarvalabs/go-moi/common/tests/helper.go:81.104,89.2 2 0
github.com/sarvalabs/go-moi/common/tests/helper.go:91.75,96.33 3 0
github.com/sarvalabs/go-moi/common/tests/helper.go:96.33,98.3 1 0
github.com/sarvalabs/go-moi/common/tests/helper.go:100.2,100.17 1 0
github.com/sarvalabs/go-moi/common/tests/helper.go:103.43,108.43 3 0
github.com/sarvalabs/go-moi/common/tests/helper.go:108.43,110.3 1 0
github.com/sarvalabs/go-moi/common/tests/helper.go:112.2,112.33 1 0
github.com/sarvalabs/go-moi/common/tests/helper.go:115.75,133.2 9 0
github.com/sarvalabs/go-moi/common/tests/helper.go:135.68,140.29 3 0
github.com/sarvalabs/go-moi/common/tests/helper.go:140.29,142.3 1 0
github.com/sarvalabs/go-moi/common/tests/helper.go:144.2,144.12 1 0
github.com/sarvalabs/go-moi/common/tests/helper.go:147.41,162.2 9 0
github.com/sarvalabs/go-moi/common/tests/helper.go:164.55,169.29 3 0
github.com/sarvalabs/go-moi/common/tests/helper.go:169.29,171.3 1 0
github.com/sarvalabs/go-moi/common/tests/helper.go:173.2,173.16 1 0
github.com/sarvalabs/go-moi/common/tests/helper.go:176.81,183.2 4 0
github.com/sarvalabs/go-moi/common/tests/helper.go:185.117,193.12 3 0
github.com/sarvalabs/go-moi/common/tests/helper.go:193.12,196.7 2 0
github.com/sarvalabs/go-moi/common/tests/helper.go:196.7,197.11 1 0
github.com/sarvalabs/go-moi/common/tests/helper.go:198.22,201.11 2 0
github.com/sarvalabs/go-moi/common/tests/helper.go:202.12,204.15 2 0
github.com/sarvalabs/go-moi/common/tests/helper.go:204.15,208.6 2 0
github.com/sarvalabs/go-moi/common/tests/helper.go:210.4,210.21 1 0
github.com/sarvalabs/go-moi/common/tests/helper.go:214.2,216.26 2 0
github.com/sarvalabs/go-moi/common/tests/helper.go:219.64,226.30 4 0
github.com/sarvalabs/go-moi/common/tests/helper.go:226.30,231.3 3 0
github.com/sarvalabs/go-moi/common/tests/helper.go:233.2,233.29 1 0
github.com/sarvalabs/go-moi/common/tests/helper.go:236.57,240.29 3 0
github.com/sarvalabs/go-moi/common/tests/helper.go:240.29,242.3 1 0
github.com/sarvalabs/go-moi/common/tests/helper.go:244.2,244.22 1 0
github.com/sarvalabs/go-moi/common/tests/helper.go:247.90,252.16 3 0
github.com/sarvalabs/go-moi/common/tests/helper.go:252.16,254.3 1 0
github.com/sarvalabs/go-moi/common/tests/helper.go:256.2,275.14 5 0
github.com/sarvalabs/go-moi/common/tests/helper.go:278.110,284.2 3 0
github.com/sarvalabs/go-moi/common/tests/helper.go:286.99,292.29 4 0
github.com/sarvalabs/go-moi/common/tests/helper.go:292.29,297.3 3 0
github.com/sarvalabs/go-moi/common/tests/helper.go:299.2,299.35 1 0
github.com/sarvalabs/go-moi/common/tests/helper.go:302.69,309.29 4 0
github.com/sarvalabs/go-moi/common/tests/helper.go:309.29,312.3 2 0
github.com/sarvalabs/go-moi/common/tests/helper.go:314.2,314.16 1 0
github.com/sarvalabs/go-moi/common/tests/helper.go:317.52,324.2 4 0
github.com/sarvalabs/go-moi/common/tests/helper.go:326.84,332.2 3 0
github.com/sarvalabs/go-moi/common/tests/helper.go:334.59,339.73 3 0
github.com/sarvalabs/go-moi/common/tests/helper.go:339.73,342.64 2 0
github.com/sarvalabs/go-moi/common/tests/helper.go:342.64,343.17 1 0
github.com/sarvalabs/go-moi/common/tests/helper.go:343.17,344.44 1 0
github.com/sarvalabs/go-moi/common/tests/helper.go:344.44,346.6 1 0
github.com/sarvalabs/go-moi/common/tests/helper.go:349.4,354.20 4 0
github.com/sarvalabs/go-moi/common/tests/helper.go:358.2,358.8 1 0
github.com/sarvalabs/go-moi/common/tests/helper.go:362.72,367.29 3 0
github.com/sarvalabs/go-moi/common/tests/helper.go:367.29,373.3 4 0
github.com/sarvalabs/go-moi/common/tests/helper.go:375.2,375.24 1 0
github.com/sarvalabs/go-moi/common/tests/helper.go:378.80,392.2 2 0
github.com/sarvalabs/go-moi/common/tests/helper.go:394.44,398.2 2 0
github.com/sarvalabs/go-moi/common/tests/helper.go:400.58,405.29 3 0
github.com/sarvalabs/go-moi/common/tests/helper.go:405.29,408.3 2 0
github.com/sarvalabs/go-moi/common/tests/helper.go:410.2,410.10 1 0
github.com/sarvalabs/go-moi/common/tests/helper.go:413.95,417.2 2 0
github.com/sarvalabs/go-moi/common/tests/helper.go:419.69,424.29 3 0
github.com/sarvalabs/go-moi/common/tests/helper.go:424.29,426.3 1 0
github.com/sarvalabs/go-moi/common/tests/helper.go:428.2,428.11 1 0
github.com/sarvalabs/go-moi/common/tests/helper.go:459.44,476.2 1 0
github.com/sarvalabs/go-moi/common/tests/helper.go:479.85,487.19 3 0
github.com/sarvalabs/go-moi/common/tests/helper.go:487.19,489.3 1 0
github.com/sarvalabs/go-moi/common/tests/helper.go:491.2,491.32 1 0
github.com/sarvalabs/go-moi/common/tests/helper.go:491.32,493.3 1 0
github.com/sarvalabs/go-moi/common/tests/helper.go:496.2,496.26 1 0
github.com/sarvalabs/go-moi/common/tests/helper.go:496.26,499.3 2 0
github.com/sarvalabs/go-moi/common/tests/helper.go:502.2,502.35 1 0
github.com/sarvalabs/go-moi/common/tests/helper.go:502.35,503.33 1 0
github.com/sarvalabs/go-moi/common/tests/helper.go:503.33,506.32 2 0
github.com/sarvalabs/go-moi/common/tests/helper.go:506.32,510.5 1 0
github.com/sarvalabs/go-moi/common/tests/helper.go:514.2,514.36 1 0
github.com/sarvalabs/go-moi/common/tests/helper.go:514.36,519.3 3 0
github.com/sarvalabs/go-moi/common/tests/helper.go:521.2,521.34 1 0
github.com/sarvalabs/go-moi/common/tests/helper.go:521.34,523.3 1 0
github.com/sarvalabs/go-moi/common/tests/helper.go:525.2,525.40 1 0
github.com/sarvalabs/go-moi/common/tests/helper.go:525.40,527.3 1 0
github.com/sarvalabs/go-moi/common/tests/helper.go:529.2,543.3 1 0
github.com/sarvalabs/go-moi/common/tests/helper.go:546.50,547.17 1 0
github.com/sarvalabs/go-moi/common/tests/helper.go:547.17,549.3 1 0
github.com/sarvalabs/go-moi/common/tests/helper.go:549.8,551.3 1 0
github.com/sarvalabs/go-moi/common/tests/helper.go:553.2,558.27 2 0
github.com/sarvalabs/go-moi/common/tests/helper.go:558.27,560.3 1 0
github.com/sarvalabs/go-moi/common/tests/helper.go:562.2,562.10 1 0
github.com/sarvalabs/go-moi/common/tests/helper.go:565.110,570.22 3 0
github.com/sarvalabs/go-moi/common/tests/helper.go:570.22,572.3 1 0
github.com/sarvalabs/go-moi/common/tests/helper.go:574.2,574.29 1 0
github.com/sarvalabs/go-moi/common/tests/helper.go:574.29,575.26 1 0
github.com/sarvalabs/go-moi/common/tests/helper.go:575.26,579.4 1 0
github.com/sarvalabs/go-moi/common/tests/helper.go:581.3,581.51 1 0
github.com/sarvalabs/go-moi/common/tests/helper.go:584.2,584.19 1 0
github.com/sarvalabs/go-moi/common/tests/helper.go:587.71,591.2 2 0
github.com/sarvalabs/go-moi/common/tests/helper.go:593.71,597.29 3 0
github.com/sarvalabs/go-moi/common/tests/helper.go:597.29,599.3 1 0
github.com/sarvalabs/go-moi/common/tests/helper.go:601.2,601.12 1 0
github.com/sarvalabs/go-moi/common/tests/helper.go:604.81,608.29 3 0
github.com/sarvalabs/go-moi/common/tests/helper.go:608.29,610.3 1 0
github.com/sarvalabs/go-moi/common/tests/helper.go:612.2,612.12 1 0
github.com/sarvalabs/go-moi/common/tests/helper.go:615.55,619.29 3 0
github.com/sarvalabs/go-moi/common/tests/helper.go:619.29,621.3 1 0
github.com/sarvalabs/go-moi/common/tests/helper.go:623.2,623.15 1 0
github.com/sarvalabs/go-moi/common/tests/helper.go:626.58,630.22 3 0
github.com/sarvalabs/go-moi/common/tests/helper.go:630.22,632.3 1 0
github.com/sarvalabs/go-moi/common/tests/helper.go:634.2,636.35 2 0
github.com/sarvalabs/go-moi/common/tests/helper.go:636.35,637.27 1 0
github.com/sarvalabs/go-moi/common/tests/helper.go:637.27,639.4 1 0
github.com/sarvalabs/go-moi/common/tests/helper.go:642.2,642.15 1 0
github.com/sarvalabs/go-moi/common/tests/helper.go:647.30,654.2 4 0
github.com/sarvalabs/go-moi/common/tests/helper.go:662.85,663.33 1 0
github.com/sarvalabs/go-moi/common/tests/helper.go:663.33,664.17 1 0
github.com/sarvalabs/go-moi/common/tests/helper.go:664.17,666.4 1 0
github.com/sarvalabs/go-moi/common/tests/helper.go:669.2,669.14 1 0
github.com/sarvalabs/go-moi/common/tests/helper.go:672.97,675.33 2 0
github.com/sarvalabs/go-moi/common/tests/helper.go:675.33,678.58 2 0
github.com/sarvalabs/go-moi/common/tests/helper.go:678.58,679.33 1 0
github.com/sarvalabs/go-moi/common/tests/helper.go:679.33,682.5 2 0
github.com/sarvalabs/go-moi/common/tests/helper.go:685.3,685.13 1 0
github.com/sarvalabs/go-moi/common/tests/helper.go:685.13,687.4 1 0
github.com/sarvalabs/go-moi/common/tests/helper.go:691.119,694.18 2 0
github.com/sarvalabs/go-moi/common/tests/helper.go:695.24,696.9 1 0
github.com/sarvalabs/go-moi/common/tests/helper.go:697.31,703.27 3 0
github.com/sarvalabs/go-moi/common/tests/helper.go:703.27,708.5 3 0
github.com/sarvalabs/go-moi/common/tests/helper.go:711.3,711.90 1 0
github.com/sarvalabs/go-moi/common/tests/helper.go:711.90,716.4 1 0
github.com/sarvalabs/go-moi/common/tests/helper.go:718.33,724.27 3 0
github.com/sarvalabs/go-moi/common/tests/helper.go:724.27,729.5 3 0
github.com/sarvalabs/go-moi/common/tests/helper.go:732.28,738.27 3 0
github.com/sarvalabs/go-moi/common/tests/helper.go:738.27,743.5 3 0
github.com/sarvalabs/go-moi/common/tests/helper.go:746.34,750.45 3 0
github.com/sarvalabs/go-moi/common/tests/helper.go:750.45,755.4 1 0
github.com/sarvalabs/go-moi/common/tests/helper.go:757.3,757.90 1 0
github.com/sarvalabs/go-moi/common/tests/helper.go:757.90,762.4 1 0
github.com/sarvalabs/go-moi/common/tests/helper.go:764.3,766.27 1 0
github.com/sarvalabs/go-moi/common/tests/helper.go:766.27,771.5 3 0
github.com/sarvalabs/go-moi/common/tests/helper.go:774.28,779.61 3 0
github.com/sarvalabs/go-moi/common/tests/helper.go:779.61,785.4 3 0
github.com/sarvalabs/go-moi/common/tests/helper.go:787.3,787.24 1 0
github.com/sarvalabs/go-moi/common/tests/helper.go:788.31,789.63 1 0
github.com/sarvalabs/go-moi/common/tests/helper.go:789.63,794.5 1 0
github.com/sarvalabs/go-moi/common/tests/helper.go:796.4,801.82 4 0
github.com/sarvalabs/go-moi/common/tests/helper.go:801.82,806.5 1 0
github.com/sarvalabs/go-moi/common/tests/helper.go:808.4,810.28 1 0
github.com/sarvalabs/go-moi/common/tests/helper.go:810.28,815.6 3 0
github.com/sarvalabs/go-moi/common/tests/helper.go:818.27,819.63 1 0
github.com/sarvalabs/go-moi/common/tests/helper.go:819.63,824.5 1 0
github.com/sarvalabs/go-moi/common/tests/helper.go:826.4,831.55 4 0
github.com/sarvalabs/go-moi/common/tests/helper.go:831.55,836.5 1 0
github.com/sarvalabs/go-moi/common/tests/helper.go:838.4,840.28 1 0
github.com/sarvalabs/go-moi/common/tests/helper.go:840.28,845.6 3 0
github.com/sarvalabs/go-moi/common/tests/helper.go:847.11,848.56 1 0
github.com/sarvalabs/go-moi/common/tests/helper.go:851.50,855.39 3 0
github.com/sarvalabs/go-moi/common/tests/helper.go:855.39,856.66 1 0
github.com/sarvalabs/go-moi/common/tests/helper.go:856.66,861.5 1 0
github.com/sarvalabs/go-moi/common/tests/helper.go:864.3,864.39 1 0
github.com/sarvalabs/go-moi/common/tests/helper.go:864.39,865.46 1 0
github.com/sarvalabs/go-moi/common/tests/helper.go:865.46,870.5 1 0
github.com/sarvalabs/go-moi/common/tests/helper.go:873.3,875.27 1 0
github.com/sarvalabs/go-moi/common/tests/helper.go:875.27,880.5 3 0
github.com/sarvalabs/go-moi/common/tests/helper.go:883.10,884.55 1 0
github.com/sarvalabs/go-moi/common/tests/helper.go:888.67,891.25 2 0
github.com/sarvalabs/go-moi/common/tests/helper.go:891.25,892.48 1 0
github.com/sarvalabs/go-moi/common/tests/helper.go:892.48,897.4 1 0
github.com/sarvalabs/go-moi/common/tests/helper.go:900.2,900.51 1 0
github.com/sarvalabs/go-moi/common/tests/helper.go:900.51,905.3 1 0
github.com/sarvalabs/go-moi/common/tests/helper.go:908.73,911.19 2 0
github.com/sarvalabs/go-moi/common/tests/helper.go:911.19,913.3 1 0
github.com/sarvalabs/go-moi/common/tests/helper.go:915.2,920.34 2 0
github.com/sarvalabs/go-moi/common/tests/helper.go:920.34,922.3 1 0
github.com/sarvalabs/go-moi/common/tests/helper.go:924.2,924.39 1 0
github.com/sarvalabs/go-moi/common/tests/helper.go:924.39,926.3 1 0
github.com/sarvalabs/go-moi/common/tests/helper.go:928.2,930.33 2 0
github.com/sarvalabs/go-moi/common/tests/helper.go:930.33,932.3 1 0
github.com/sarvalabs/go-moi/common/tests/helper.go:934.2,942.38 2 0
github.com/sarvalabs/go-moi/common/tests/helper.go:942.38,944.3 1 0
github.com/sarvalabs/go-moi/common/tests/helper.go:946.2,949.11 3 0
github.com/sarvalabs/go-moi/common/tests/helper.go:956.23,959.17 2 0
github.com/sarvalabs/go-moi/common/tests/helper.go:959.17,961.3 1 0
github.com/sarvalabs/go-moi/common/tests/helper.go:963.2,963.19 1 0
github.com/sarvalabs/go-moi/common/tests/helper.go:963.19,965.3 1 0
github.com/sarvalabs/go-moi/common/tests/helper.go:967.2,978.34 3 0
github.com/sarvalabs/go-moi/common/tests/helper.go:978.34,980.3 1 0
github.com/sarvalabs/go-moi/common/tests/helper.go:982.2,982.39 1 0
github.com/sarvalabs/go-moi/common/tests/helper.go:982.39,989.3 3 0
github.com/sarvalabs/go-moi/common/tests/helper.go:998.2,998.28 1 0
github.com/sarvalabs/go-moi/common/tests/helper.go:998.28,1003.3 1 0
github.com/sarvalabs/go-moi/common/tests/helper.go:1005.2,1005.33 1 0
github.com/sarvalabs/go-moi/common/tests/helper.go:1005.33,1007.3 1 0
github.com/sarvalabs/go-moi/common/tests/helper.go:1009.2,1016.38 2 0
github.com/sarvalabs/go-moi/common/tests/helper.go:1016.38,1018.3 1 0
github.com/sarvalabs/go-moi/common/tests/helper.go:1020.2,1023.11 3 0
github.com/sarvalabs/go-moi/common/tests/helper.go:1026.54,1031.26 3 0
github.com/sarvalabs/go-moi/common/tests/helper.go:1031.26,1033.3 1 0
github.com/sarvalabs/go-moi/common/tests/helper.go:1035.2,1037.17 2 0
github.com/sarvalabs/go-moi/common/tests/helper.go:1040.39,1045.26 3 0
github.com/sarvalabs/go-moi/common/tests/helper.go:1045.26,1047.3 1 0
github.com/sarvalabs/go-moi/common/tests/helper.go:1049.2,1049.17 1 0
github.com/sarvalabs/go-moi/common/tests/helper.go:1053.99,1056.22 2 0
github.com/sarvalabs/go-moi/common/tests/helper.go:1056.22,1058.3 1 0
github.com/sarvalabs/go-moi/common/tests/helper.go:1060.2,1062.29 2 0
github.com/sarvalabs/go-moi/common/tests/helper.go:1062.29,1064.3 1 0
github.com/sarvalabs/go-moi/common/tests/helper.go:1066.2,1066.13 1 0
github.com/sarvalabs/go-moi/common/tests/helper.go:1069.115,1073.43 2 0
github.com/sarvalabs/go-moi/common/tests/helper.go:1073.43,1079.4 2 0
github.com/sarvalabs/go-moi/common/tests/helper.go:1088.27,1094.29 4 0
github.com/sarvalabs/go-moi/common/tests/helper.go:1094.29,1096.3 1 0
github.com/sarvalabs/go-moi/common/tests/helper.go:1098.2,1098.17 1 0
github.com/sarvalabs/go-moi/common/tests/helper.go:1103.115,1116.31 6 0
github.com/sarvalabs/go-moi/common/tests/helper.go:1116.31,1121.12 2 0
github.com/sarvalabs/go-moi/common/tests/helper.go:1121.12,1125.4 1 0
github.com/sarvalabs/go-moi/common/tests/helper.go:1127.3,1130.4 2 0
github.com/sarvalabs/go-moi/common/tests/helper.go:1133.2,1133.24 1 0
github.com/sarvalabs/go-moi/common/tests/helper.go:1136.102,1140.21 3 0
github.com/sarvalabs/go-moi/common/tests/helper.go:1140.21,1142.3 1 0
github.com/sarvalabs/go-moi/common/tests/helper.go:1144.2,1147.21 3 0
github.com/sarvalabs/go-moi/common/tests/helper.go:1152.3,1164.23 10 0
github.com/sarvalabs/go-moi/common/tests/helper.go:1164.23,1167.3 2 0
github.com/sarvalabs/go-moi/common/tests/helper.go:1167.8,1170.3 2 0
github.com/sarvalabs/go-moi/common/tests/helper.go:1172.2,1172.21 1 0
github.com/sarvalabs/go-moi/common/tests/helper.go:1172.21,1174.3 1 0
github.com/sarvalabs/go-moi/common/tests/helper.go:1174.8,1176.3 1 0
github.com/sarvalabs/go-moi/common/tests/helper.go:1179.64,1209.2 14 0
github.com/sarvalabs/go-moi/common/tests/helper.go:1211.97,1265.21 4 0
github.com/sarvalabs/go-moi/common/tests/helper.go:1265.21,1267.3 1 0
github.com/sarvalabs/go-moi/common/tests/helper.go:1269.2,1269.16 1 0
github.com/sarvalabs/go-moi/common/tests/helper.go:1272.62,1298.2 4 0
github.com/sarvalabs/go-moi/common/tests/helper.go:1300.57,1315.2 3 0
github.com/sarvalabs/go-moi/common/tests/helper.go:1317.72,1328.2 2 0
github.com/sarvalabs/go-moi/common/tests/helper.go:1330.67,1343.2 2 0
github.com/sarvalabs/go-moi/common/tests/helper.go:1345.86,1350.29 3 0
github.com/sarvalabs/go-moi/common/tests/helper.go:1350.29,1352.3 1 0
github.com/sarvalabs/go-moi/common/tests/helper.go:1354.2,1354.10 1 0
github.com/sarvalabs/go-moi/common/tests/helper.go:1357.81,1364.2 4 0
github.com/sarvalabs/go-moi/common/tests/helper.go:1366.82,1370.16 3 0
github.com/sarvalabs/go-moi/common/tests/helper.go:1370.16,1372.3 1 0
github.com/sarvalabs/go-moi/common/tests/helper.go:1374.2,1374.55 1 0
github.com/sarvalabs/go-moi/common/tests/helper.go:1374.55,1376.3 1 0
github.com/sarvalabs/go-moi/common/tests/helper.go:1378.2,1378.22 1 0
github.com/sarvalabs/go-moi/common/tests/helper.go:1381.82,1394.2 8 0
github.com/sarvalabs/go-moi/common/tests/helper.go:1396.81,1404.2 4 0
github.com/sarvalabs/go-moi/common/tests/helper.go:1406.68,1411.29 3 0
github.com/sarvalabs/go-moi/common/tests/helper.go:1411.29,1413.3 1 0
github.com/sarvalabs/go-moi/common/tests/helper.go:1415.2,1415.17 1 0
github.com/sarvalabs/go-moi/common/tests/helper.go:1419.95,1440.2 10 0
github.com/sarvalabs/go-moi/common/tests/helper.go:1443.97,1462.2 9 0
github.com/sarvalabs/go-moi/common/tests/helper.go:1464.50,1471.2 4 0
github.com/sarvalabs/go-moi/common/tests/helper.go:1475.88,1484.2 5 0
github.com/sarvalabs/go-moi/common/tests/helper.go:1491.42,1493.2 1 0
github.com/sarvalabs/go-moi/common/tests/helper.go:1499.3,1506.29 4 0
github.com/sarvalabs/go-moi/common/tests/helper.go:1506.29,1513.3 2 0
github.com/sarvalabs/go-moi/common/tests/helper.go:1515.2,1515.39 1 0
github.com/sarvalabs/go-moi/common/tests/helper.go:1515.39,1522.3 2 0
github.com/sarvalabs/go-moi/common/tests/helper.go:1524.2,1524.16 1 0
github.com/sarvalabs/go-moi/common/tests/helper.go:1527.70,1530.27 2 0
github.com/sarvalabs/go-moi/common/tests/helper.go:1530.27,1532.3 1 0
github.com/sarvalabs/go-moi/common/tests/helper.go:1534.2,1534.16 1 0
github.com/sarvalabs/go-moi/common/tests/helper.go:1537.54,1542.29 3 0
github.com/sarvalabs/go-moi/common/tests/helper.go:1542.29,1544.3 1 0
github.com/sarvalabs/go-moi/common/tests/helper.go:1546.2,1546.16 1 0
github.com/sarvalabs/go-moi/common/tests/helper.go:1549.103,1552.16 2 0
github.com/sarvalabs/go-moi/common/tests/helper.go:1553.34,1554.59 1 0
github.com/sarvalabs/go-moi/common/tests/helper.go:1555.28,1556.40 1 0
github.com/sarvalabs/go-moi/common/tests/helper.go:1557.28,1558.55 1 0
github.com/sarvalabs/go-moi/common/tests/helper.go:1561.72,1562.65 1 0
github.com/sarvalabs/go-moi/common/tests/helper.go:1563.10,1564.18 1 0
github.com/sarvalabs/go-moi/common/tests/helper.go:1568.111,1571.16 2 0
github.com/sarvalabs/go-moi/common/tests/helper.go:1571.16,1573.3 1 0
github.com/sarvalabs/go-moi/common/tests/helper.go:1575.2,1583.3 1 0
github.com/sarvalabs/go-moi/common/tests/helper.go:1586.72,1594.2 2 0
github.com/sarvalabs/go-moi/common/tests/helper.go:1596.101,1599.16 2 0
github.com/sarvalabs/go-moi/common/tests/helper.go:1599.16,1601.3 1 0
github.com/sarvalabs/go-moi/common/tests/helper.go:1603.2,1610.16 3 0
github.com/sarvalabs/go-moi/common/tests/helper.go:1613.84,1621.2 2 0
github.com/sarvalabs/go-moi/common/tests/helper.go:1623.55,1632.2 5 0
github.com/sarvalabs/go-moi/common/tests/helper.go:1634.88,1643.2 5 0
github.com/sarvalabs/go-moi/common/tests/helper.go:1645.84,1654.2 5 0
github.com/sarvalabs/go-moi/common/tests/helper.go:1656.73,1665.2 5 0
github.com/sarvalabs/go-moi/common/tests/helper.go:1671.23,1682.2 4 0
github.com/sarvalabs/go-moi/common/tests/helper.go:1684.72,1689.29 3 0
github.com/sarvalabs/go-moi/common/tests/helper.go:1689.29,1702.3 2 0
github.com/sarvalabs/go-moi/common/tests/helper.go:1704.2,1704.19 1 0
github.com/sarvalabs/go-moi/common/tests/helper.go:1707.76,1711.16 3 0
github.com/sarvalabs/go-moi/common/tests/helper.go:1711.16,1713.3 1 0
github.com/sarvalabs/go-moi/common/tests/helper.go:1719.2,1722.30 3 0
github.com/sarvalabs/go-moi/common/tests/helper.go:1722.30,1724.17 2 0
github.com/sarvalabs/go-moi/common/tests/helper.go:1724.17,1726.4 1 0
github.com/sarvalabs/go-moi/common/tests/helper.go:1731.2,1738.30 6 0
github.com/sarvalabs/go-moi/common/tests/helper.go:1738.30,1740.17 2 0
github.com/sarvalabs/go-moi/common/tests/helper.go:1740.17,1742.4 1 0
github.com/sarvalabs/go-moi/common/tests/helper.go:1745.2,1746.16 2 0
github.com/sarvalabs/go-moi/common/tests/helper.go:1746.16,1748.3 1 0
github.com/sarvalabs/go-moi/common/tests/helper.go:1750.2,1751.16 2 0
github.com/sarvalabs/go-moi/common/tests/helper.go:1751.16,1753.3 1 0
github.com/sarvalabs/go-moi/common/tests/helper.go:1755.2,1767.34 8 0
github.com/sarvalabs/go-moi/common/tests/helper.go:1767.34,1769.17 2 0
github.com/sarvalabs/go-moi/common/tests/helper.go:1769.17,1771.4 1 0
github.com/sarvalabs/go-moi/common/tests/helper.go:1776.2,1777.16 2 0
github.com/sarvalabs/go-moi/common/tests/helper.go:1777.16,1779.3 1 0
github.com/sarvalabs/go-moi/common/tests/helper.go:1781.2,1793.32 8 0
github.com/sarvalabs/go-moi/common/tests/helper.go:1793.32,1795.17 2 0
github.com/sarvalabs/go-moi/common/tests/helper.go:1795.17,1797.4 1 0
github.com/sarvalabs/go-moi/common/tests/helper.go:1802.2,1803.16 2 0
github.com/sarvalabs/go-moi/common/tests/helper.go:1803.16,1805.3 1 0
github.com/sarvalabs/go-moi/common/tests/helper.go:1807.2,1811.39 3 0
github.com/sarvalabs/go-moi/common/tests/helper.go:1819.47,1828.2 2 0
github.com/sarvalabs/go-moi/common/tests/helper.go:1834.31,1840.2 2 0
github.com/sarvalabs/go-moi/compute/engineio/action.go:16.65,21.2 1 0
github.com/sarvalabs/go-moi/compute/engineio/action.go:23.62,28.2 1 0
github.com/sarvalabs/go-moi/compute/engineio/action.go:30.47,31.21 1 0
github.com/sarvalabs/go-moi/compute/engineio/action.go:31.21,33.3 1 0
github.com/sarvalabs/go-moi/compute/engineio/action.go:35.2,36.32 2 0
github.com/sarvalabs/go-moi/compute/engineio/callsite.go:31.42,33.9 2 0
github.com/sarvalabs/go-moi/compute/engineio/callsite.go:33.9,34.40 1 0
github.com/sarvalabs/go-moi/compute/engineio/callsite.go:37.2,37.12 1 0
github.com/sarvalabs/go-moi/compute/engineio/callsite.go:41.62,46.2 3 0
github.com/sarvalabs/go-moi/compute/engineio/callsite.go:49.75,51.16 2 0
github.com/sarvalabs/go-moi/compute/engineio/callsite.go:51.16,53.3 1 0
github.com/sarvalabs/go-moi/compute/engineio/callsite.go:55.2,56.16 2 0
github.com/sarvalabs/go-moi/compute/engineio/callsite.go:56.16,58.3 1 0
github.com/sarvalabs/go-moi/compute/engineio/callsite.go:60.2,60.12 1 0
github.com/sarvalabs/go-moi/compute/engineio/callsite.go:63.56,65.2 1 0
github.com/sarvalabs/go-moi/compute/engineio/callsite.go:67.66,69.49 2 0
github.com/sarvalabs/go-moi/compute/engineio/callsite.go:69.49,71.3 1 0
github.com/sarvalabs/go-moi/compute/engineio/callsite.go:73.2,74.16 2 0
github.com/sarvalabs/go-moi/compute/engineio/callsite.go:74.16,76.3 1 0
github.com/sarvalabs/go-moi/compute/engineio/callsite.go:78.2,78.12 1 0
github.com/sarvalabs/go-moi/compute/engineio/callsite.go:81.61,83.2 1 0
github.com/sarvalabs/go-moi/compute/engineio/callsite.go:85.70,87.40 2 0
github.com/sarvalabs/go-moi/compute/engineio/callsite.go:87.40,89.3 1 0
github.com/sarvalabs/go-moi/compute/engineio/callsite.go:91.2,92.16 2 0
github.com/sarvalabs/go-moi/compute/engineio/callsite.go:92.16,94.3 1 0
github.com/sarvalabs/go-moi/compute/engineio/callsite.go:96.2,96.12 1 0
github.com/sarvalabs/go-moi/compute/engineio/callsite.go:99.66,101.9 2 0
github.com/sarvalabs/go-moi/compute/engineio/callsite.go:101.9,103.3 1 0
github.com/sarvalabs/go-moi/compute/engineio/callsite.go:105.2,105.18 1 0
github.com/sarvalabs/go-moi/compute/engineio/engine.go:18.40,19.14 1 0
github.com/sarvalabs/go-moi/compute/engineio/engine.go:20.12,21.16 1 0
github.com/sarvalabs/go-moi/compute/engineio/engine.go:22.12,23.16 1 0
github.com/sarvalabs/go-moi/compute/engineio/engine.go:24.10,25.38 1 0
github.com/sarvalabs/go-moi/compute/engineio/engine.go:103.37,105.2 1 0
github.com/sarvalabs/go-moi/compute/engineio/engine.go:109.50,111.13 2 0
github.com/sarvalabs/go-moi/compute/engineio/engine.go:111.13,113.3 1 0
github.com/sarvalabs/go-moi/compute/engineio/engine.go:115.2,115.22 1 0
github.com/sarvalabs/go-moi/compute/engineio/engine.go:122.50,123.30 1 0
github.com/sarvalabs/go-moi/compute/engineio/engine.go:124.14,125.14 1 0
github.com/sarvalabs/go-moi/compute/engineio/engine.go:126.10,127.23 1 0
github.com/sarvalabs/go-moi/compute/engineio/manifest.go:24.43,25.58 1 0
github.com/sarvalabs/go-moi/compute/engineio/manifest.go:25.58,27.3 1 0
github.com/sarvalabs/go-moi/compute/engineio/manifest.go:29.2,29.14 1 0
github.com/sarvalabs/go-moi/compute/engineio/manifest.go:32.73,33.18 1 0
github.com/sarvalabs/go-moi/compute/engineio/manifest.go:33.18,35.3 1 0
github.com/sarvalabs/go-moi/compute/engineio/manifest.go:37.2,37.18 1 0
github.com/sarvalabs/go-moi/compute/engineio/manifest.go:73.75,76.18 2 0
github.com/sarvalabs/go-moi/compute/engineio/manifest.go:77.19,78.55 1 0
github.com/sarvalabs/go-moi/compute/engineio/manifest.go:78.55,80.4 1 0
github.com/sarvalabs/go-moi/compute/engineio/manifest.go:81.19,82.54 1 0
github.com/sarvalabs/go-moi/compute/engineio/manifest.go:82.54,84.4 1 0
github.com/sarvalabs/go-moi/compute/engineio/manifest.go:85.19,86.54 1 0
github.com/sarvalabs/go-moi/compute/engineio/manifest.go:86.54,88.4 1 0
github.com/sarvalabs/go-moi/compute/engineio/manifest.go:89.10,90.69 1 0
github.com/sarvalabs/go-moi/compute/engineio/manifest.go:93.2,95.23 2 0
github.com/sarvalabs/go-moi/compute/engineio/manifest.go:96.9,98.57 2 0
github.com/sarvalabs/go-moi/compute/engineio/manifest.go:98.57,100.4 1 0
github.com/sarvalabs/go-moi/compute/engineio/manifest.go:102.10,103.68 1 0
github.com/sarvalabs/go-moi/compute/engineio/manifest.go:106.2,106.22 1 0
github.com/sarvalabs/go-moi/compute/engineio/manifest.go:111.57,113.49 2 0
github.com/sarvalabs/go-moi/compute/engineio/manifest.go:113.49,115.3 1 0
github.com/sarvalabs/go-moi/compute/engineio/manifest.go:117.2,122.51 2 0
github.com/sarvalabs/go-moi/compute/engineio/manifest.go:123.15,124.25 1 0
github.com/sarvalabs/go-moi/compute/engineio/manifest.go:125.15,126.25 1 0
github.com/sarvalabs/go-moi/compute/engineio/manifest.go:127.15,128.25 1 0
github.com/sarvalabs/go-moi/compute/engineio/manifest.go:129.10,130.88 1 0
github.com/sarvalabs/go-moi/compute/engineio/manifest.go:133.2,134.16 2 0
github.com/sarvalabs/go-moi/compute/engineio/manifest.go:134.16,136.3 1 0
github.com/sarvalabs/go-moi/compute/engineio/manifest.go:138.2,139.16 2 0
github.com/sarvalabs/go-moi/compute/engineio/manifest.go:139.16,141.3 1 0
github.com/sarvalabs/go-moi/compute/engineio/manifest.go:143.2,143.22 1 0
github.com/sarvalabs/go-moi/compute/engineio/manifestv1.go:21.52,21.78 1 0
github.com/sarvalabs/go-moi/compute/engineio/manifestv1.go:22.52,22.85 1 0
github.com/sarvalabs/go-moi/compute/engineio/manifestv1.go:23.52,23.85 1 0
github.com/sarvalabs/go-moi/compute/engineio/manifestv1.go:24.52,24.90 1 0
github.com/sarvalabs/go-moi/compute/engineio/manifestv1.go:26.57,26.98 1 0
github.com/sarvalabs/go-moi/compute/engineio/manifestv1.go:27.57,27.85 1 0
github.com/sarvalabs/go-moi/compute/engineio/manifestv1.go:29.79,31.9 2 0
github.com/sarvalabs/go-moi/compute/engineio/manifestv1.go:31.9,33.3 1 0
github.com/sarvalabs/go-moi/compute/engineio/manifestv1.go:35.2,35.37 1 0
github.com/sarvalabs/go-moi/compute/engineio/manifestv1.go:38.44,41.16 2 0
github.com/sarvalabs/go-moi/compute/engineio/manifestv1.go:41.16,42.43 1 0
github.com/sarvalabs/go-moi/compute/engineio/manifestv1.go:46.2,46.32 1 0
github.com/sarvalabs/go-moi/compute/engineio/manifestv1.go:49.77,50.18 1 0
github.com/sarvalabs/go-moi/compute/engineio/manifestv1.go:51.19,52.33 1 0
github.com/sarvalabs/go-moi/compute/engineio/manifestv1.go:53.19,54.32 1 0
github.com/sarvalabs/go-moi/compute/engineio/manifestv1.go:55.19,56.32 1 0
github.com/sarvalabs/go-moi/compute/engineio/manifestv1.go:57.10,58.56 1 0
github.com/sarvalabs/go-moi/compute/engineio/manifestv1.go:62.81,63.18 1 0
github.com/sarvalabs/go-moi/compute/engineio/manifestv1.go:64.19,65.41 1 0
github.com/sarvalabs/go-moi/compute/engineio/manifestv1.go:66.19,67.40 1 0
github.com/sarvalabs/go-moi/compute/engineio/manifestv1.go:68.19,69.40 1 0
github.com/sarvalabs/go-moi/compute/engineio/manifestv1.go:70.10,71.64 1 0
github.com/sarvalabs/go-moi/compute/engineio/manifestv1.go:75.64,86.47 6 0
github.com/sarvalabs/go-moi/compute/engineio/manifestv1.go:86.47,88.3 1 0
github.com/sarvalabs/go-moi/compute/engineio/manifestv1.go:91.2,102.44 6 0
github.com/sarvalabs/go-moi/compute/engineio/manifestv1.go:102.44,110.56 5 0
github.com/sarvalabs/go-moi/compute/engineio/manifestv1.go:110.56,112.4 1 0
github.com/sarvalabs/go-moi/compute/engineio/manifestv1.go:115.3,115.35 1 0
github.com/sarvalabs/go-moi/compute/engineio/manifestv1.go:119.2,121.20 2 0
github.com/sarvalabs/go-moi/compute/engineio/manifestv1.go:124.83,125.26 1 0
github.com/sarvalabs/go-moi/compute/engineio/manifestv1.go:125.26,127.3 1 0
github.com/sarvalabs/go-moi/compute/engineio/manifestv1.go:129.2,130.16 2 0
github.com/sarvalabs/go-moi/compute/engineio/manifestv1.go:130.16,132.3 1 0
github.com/sarvalabs/go-moi/compute/engineio/manifestv1.go:135.2,136.16 2 0
github.com/sarvalabs/go-moi/compute/engineio/manifestv1.go:136.16,138.3 1 0
github.com/sarvalabs/go-moi/compute/engineio/manifestv1.go:141.2,142.16 2 0
github.com/sarvalabs/go-moi/compute/engineio/manifestv1.go:142.16,144.3 1 0
github.com/sarvalabs/go-moi/compute/engineio/manifestv1.go:147.2,148.16 2 0
github.com/sarvalabs/go-moi/compute/engineio/manifestv1.go:148.16,150.3 1 0
github.com/sarvalabs/go-moi/compute/engineio/manifestv1.go:152.2,153.9 2 0
github.com/sarvalabs/go-moi/compute/engineio/manifestv1.go:153.9,155.3 1 0
github.com/sarvalabs/go-moi/compute/engineio/manifestv1.go:158.2,159.55 2 0
github.com/sarvalabs/go-moi/compute/engineio/manifestv1.go:159.55,161.3 1 0
github.com/sarvalabs/go-moi/compute/engineio/manifestv1.go:163.2,164.16 2 0
github.com/sarvalabs/go-moi/compute/engineio/manifestv1.go:164.16,166.3 1 0
github.com/sarvalabs/go-moi/compute/engineio/manifestv1.go:168.2,175.16 3 0
github.com/sarvalabs/go-moi/compute/engineio/manifestv1.go:175.16,177.3 1 0
github.com/sarvalabs/go-moi/compute/engineio/manifestv1.go:179.2,179.40 1 0
github.com/sarvalabs/go-moi/compute/engineio/manifestv1.go:179.40,181.3 1 0
github.com/sarvalabs/go-moi/compute/engineio/manifestv1.go:183.2,187.16 3 0
github.com/sarvalabs/go-moi/compute/engineio/manifestv1.go:187.16,189.3 1 0
github.com/sarvalabs/go-moi/compute/engineio/manifestv1.go:191.2,194.23 3 0
github.com/sarvalabs/go-moi/compute/engineio/manifestv1.go:194.23,196.17 2 0
github.com/sarvalabs/go-moi/compute/engineio/manifestv1.go:196.17,198.4 1 0
github.com/sarvalabs/go-moi/compute/engineio/manifestv1.go:200.3,201.17 2 0
github.com/sarvalabs/go-moi/compute/engineio/manifestv1.go:201.17,203.4 1 0
github.com/sarvalabs/go-moi/compute/engineio/manifestv1.go:205.3,206.57 2 0
github.com/sarvalabs/go-moi/compute/engineio/manifestv1.go:206.57,208.4 1 0
github.com/sarvalabs/go-moi/compute/engineio/manifestv1.go:210.3,211.17 2 0
github.com/sarvalabs/go-moi/compute/engineio/manifestv1.go:211.17,213.4 1 0
github.com/sarvalabs/go-moi/compute/engineio/manifestv1.go:215.3,216.17 2 0
github.com/sarvalabs/go-moi/compute/engineio/manifestv1.go:216.17,218.4 1 0
github.com/sarvalabs/go-moi/compute/engineio/manifestv1.go:222.3,223.10 2 0
github.com/sarvalabs/go-moi/compute/engineio/manifestv1.go:223.10,225.4 1 0
github.com/sarvalabs/go-moi/compute/engineio/manifestv1.go:228.3,228.62 1 0
github.com/sarvalabs/go-moi/compute/engineio/manifestv1.go:228.62,230.4 1 0
github.com/sarvalabs/go-moi/compute/engineio/manifestv1.go:233.3,239.5 2 0
github.com/sarvalabs/go-moi/compute/engineio/manifestv1.go:242.2,242.12 1 0
github.com/sarvalabs/go-moi/compute/engineio/manifestv1.go:263.58,273.44 8 0
github.com/sarvalabs/go-moi/compute/engineio/manifestv1.go:273.44,275.17 2 0
github.com/sarvalabs/go-moi/compute/engineio/manifestv1.go:275.17,277.4 1 0
github.com/sarvalabs/go-moi/compute/engineio/manifestv1.go:279.3,286.47 2 0
github.com/sarvalabs/go-moi/compute/engineio/manifestv1.go:289.2,289.26 1 0
github.com/sarvalabs/go-moi/compute/engineio/manifestv1.go:292.62,294.50 2 0
github.com/sarvalabs/go-moi/compute/engineio/manifestv1.go:294.50,296.3 1 0
github.com/sarvalabs/go-moi/compute/engineio/manifestv1.go:298.2,299.9 2 0
github.com/sarvalabs/go-moi/compute/engineio/manifestv1.go:299.9,301.3 1 0
github.com/sarvalabs/go-moi/compute/engineio/manifestv1.go:303.2,303.42 1 0
github.com/sarvalabs/go-moi/compute/engineio/manifestv1.go:303.42,305.3 1 0
github.com/sarvalabs/go-moi/compute/engineio/manifestv1.go:307.2,320.41 4 0
github.com/sarvalabs/go-moi/compute/engineio/manifestv1.go:320.41,322.10 2 0
github.com/sarvalabs/go-moi/compute/engineio/manifestv1.go:322.10,324.4 1 0
github.com/sarvalabs/go-moi/compute/engineio/manifestv1.go:326.3,326.62 1 0
github.com/sarvalabs/go-moi/compute/engineio/manifestv1.go:326.62,328.4 1 0
github.com/sarvalabs/go-moi/compute/engineio/manifestv1.go:330.3,336.5 2 0
github.com/sarvalabs/go-moi/compute/engineio/manifestv1.go:339.2,339.12 1 0
github.com/sarvalabs/go-moi/compute/engineio/manifestv1.go:360.63,370.44 8 0
github.com/sarvalabs/go-moi/compute/engineio/manifestv1.go:370.44,372.51 2 0
github.com/sarvalabs/go-moi/compute/engineio/manifestv1.go:372.51,374.4 1 0
github.com/sarvalabs/go-moi/compute/engineio/manifestv1.go:376.3,383.47 2 0
github.com/sarvalabs/go-moi/compute/engineio/manifestv1.go:386.2,386.17 1 0
github.com/sarvalabs/go-moi/compute/engineio/manifestv1.go:389.67,391.42 2 0
github.com/sarvalabs/go-moi/compute/engineio/manifestv1.go:391.42,393.3 1 0
github.com/sarvalabs/go-moi/compute/engineio/manifestv1.go:395.2,396.9 2 0
github.com/sarvalabs/go-moi/compute/engineio/manifestv1.go:396.9,398.3 1 0
github.com/sarvalabs/go-moi/compute/engineio/manifestv1.go:400.2,400.42 1 0
github.com/sarvalabs/go-moi/compute/engineio/manifestv1.go:400.42,402.3 1 0
github.com/sarvalabs/go-moi/compute/engineio/manifestv1.go:404.2,417.41 4 0
github.com/sarvalabs/go-moi/compute/engineio/manifestv1.go:417.41,419.10 2 0
github.com/sarvalabs/go-moi/compute/engineio/manifestv1.go:419.10,421.4 1 0
github.com/sarvalabs/go-moi/compute/engineio/manifestv1.go:423.3,423.53 1 0
github.com/sarvalabs/go-moi/compute/engineio/manifestv1.go:423.53,425.4 1 0
github.com/sarvalabs/go-moi/compute/engineio/manifestv1.go:427.3,433.5 2 0
github.com/sarvalabs/go-moi/compute/engineio/manifestv1.go:436.2,436.12 1 0
github.com/sarvalabs/go-moi/compute/engineio/result.go:23.38,25.2 1 0
github.com/sarvalabs/go-moi/compute/engineio/test/debug.go:23.85,30.2 2 0
[...]
github.com/sarvalabs/go-moi/network/p2p/peer.go:129.50,131.3 1 0
github.com/sarvalabs/go-moi/network/p2p/peer.go:133.2,134.64 2 7
github.com/sarvalabs/go-moi/network/p2p/peer.go:134.64,136.3 1 0
github.com/sarvalabs/go-moi/network/p2p/peer.go:138.2,138.12 1 7
github.com/sarvalabs/go-moi/network/p2p/peer.go:142.79,144.34 1 0
github.com/sarvalabs/go-moi/network/p2p/peer.go:144.34,146.3 1 0
github.com/sarvalabs/go-moi/network/p2p/peer.go:148.2,148.47 1 0
github.com/sarvalabs/go-moi/network/p2p/peer.go:152.100,157.16 4 20
github.com/sarvalabs/go-moi/network/p2p/peer.go:157.16,159.3 1 0
github.com/sarvalabs/go-moi/network/p2p/peer.go:161.2,161.36 1 20
github.com/sarvalabs/go-moi/network/p2p/peer.go:166.50,171.38 3 0
github.com/sarvalabs/go-moi/network/p2p/peer.go:171.38,173.3 1 0
github.com/sarvalabs/go-moi/network/p2p/peer.go:176.2,176.22 1 0
github.com/sarvalabs/go-moi/network/p2p/peer.go:186.48,190.2 1 101
github.com/sarvalabs/go-moi/network/p2p/peer.go:192.81,196.2 2 12
github.com/sarvalabs/go-moi/network/p2p/peer.go:198.81,202.2 2 6
github.com/sarvalabs/go-moi/network/p2p/peerscore.go:15.34,19.2 1 101
github.com/sarvalabs/go-moi/network/p2p/peerscore.go:21.75,25.2 3 0
github.com/sarvalabs/go-moi/network/p2p/peerscore.go:27.66,32.2 3 0
github.com/sarvalabs/go-moi/network/p2p/peerset.go:35.28,42.2 1 101
github.com/sarvalabs/go-moi/network/p2p/peerset.go:45.43,52.2 3 1
github.com/sarvalabs/go-moi/network/p2p/peerset.go:56.51,64.2 4 25
github.com/sarvalabs/go-moi/network/p2p/peerset.go:67.30,74.2 3 4
github.com/sarvalabs/go-moi/network/p2p/peerset.go:79.44,81.15 1 9
github.com/sarvalabs/go-moi/network/p2p/peerset.go:81.15,83.3 1 0
github.com/sarvalabs/go-moi/network/p2p/peerset.go:85.2,85.34 1 9
github.com/sarvalabs/go-moi/network/p2p/peerset.go:85.34,87.3 1 1
github.com/sarvalabs/go-moi/network/p2p/peerset.go:90.2,92.12 2 8
github.com/sarvalabs/go-moi/network/p2p/peerset.go:95.37,100.2 3 11
github.com/sarvalabs/go-moi/network/p2p/peerset.go:102.47,104.2 1 6
github.com/sarvalabs/go-moi/network/p2p/peerset.go:106.49,112.29 4 26
github.com/sarvalabs/go-moi/network/p2p/peerset.go:112.29,114.3 1 10
github.com/sarvalabs/go-moi/network/p2p/peerset.go:116.2,116.14 1 26
github.com/sarvalabs/go-moi/network/p2p/peerset.go:121.46,125.15 3 6
github.com/sarvalabs/go-moi/network/p2p/peerset.go:125.15,127.3 1 0
github.com/sarvalabs/go-moi/network/p2p/peerset.go:129.2,129.41 1 6
github.com/sarvalabs/go-moi/network/p2p/peerset.go:129.41,131.3 1 0
github.com/sarvalabs/go-moi/network/p2p/peerset.go:133.2,135.12 2 6
github.com/sarvalabs/go-moi/network/p2p/peerset.go:140.61,148.29 4 0
github.com/sarvalabs/go-moi/network/p2p/peerset.go:148.29,149.33 1 0
github.com/sarvalabs/go-moi/network/p2p/peerset.go:149.33,151.4 1 0
github.com/sarvalabs/go-moi/network/p2p/peerset.go:155.2,155.13 1 0
github.com/sarvalabs/go-moi/network/p2p/ping.go:47.92,53.2 3 99
github.com/sarvalabs/go-moi/network/p2p/ping.go:56.56,57.58 1 13
github.com/sarvalabs/go-moi/network/p2p/ping.go:57.58,62.3 3 0
github.com/sarvalabs/go-moi/network/p2p/ping.go:64.2,64.93 1 13
github.com/sarvalabs/go-moi/network/p2p/ping.go:64.93,69.3 3 0
github.com/sarvalabs/go-moi/network/p2p/ping.go:70.2,81.12 8 13
github.com/sarvalabs/go-moi/network/p2p/ping.go:81.12,82.10 1 13
github.com/sarvalabs/go-moi/network/p2p/ping.go:83.18,84.35 1 0
github.com/sarvalabs/go-moi/network/p2p/ping.go:85.16,85.16 0 13
github.com/sarvalabs/go-moi/network/p2p/ping.go:88.3,88.17 1 13
github.com/sarvalabs/go-moi/network/p2p/ping.go:91.2,91.6 1 13
github.com/sarvalabs/go-moi/network/p2p/ping.go:91.6,93.17 2 26
github.com/sarvalabs/go-moi/network/p2p/ping.go:93.17,97.4 2 13
github.com/sarvalabs/go-moi/network/p2p/ping.go:99.3,105.17 3 13
github.com/sarvalabs/go-moi/network/p2p/ping.go:105.17,109.4 2 0
github.com/sarvalabs/go-moi/network/p2p/ping.go:111.3,112.17 2 13
github.com/sarvalabs/go-moi/network/p2p/ping.go:112.17,116.4 2 0
github.com/sarvalabs/go-moi/network/p2p/ping.go:118.3,118.27 1 13
github.com/sarvalabs/go-moi/network/p2p/ping.go:130.81,132.2 1 14
github.com/sarvalabs/go-moi/network/p2p/ping.go:135.45,141.2 4 2
github.com/sarvalabs/go-moi/network/p2p/ping.go:144.76,146.16 2 14
github.com/sarvalabs/go-moi/network/p2p/ping.go:146.16,148.3 1 2
github.com/sarvalabs/go-moi/network/p2p/ping.go:150.2,150.58 1 12
github.com/sarvalabs/go-moi/network/p2p/ping.go:150.58,154.3 2 0
github.com/sarvalabs/go-moi/network/p2p/ping.go:156.2,157.40 2 12
github.com/sarvalabs/go-moi/network/p2p/ping.go:157.40,161.3 2 0
github.com/sarvalabs/go-moi/network/p2p/ping.go:163.2,169.12 4 12
github.com/sarvalabs/go-moi/network/p2p/ping.go:169.12,173.24 3 12
github.com/sarvalabs/go-moi/network/p2p/ping.go:173.24,177.24 2 12
github.com/sarvalabs/go-moi/network/p2p/ping.go:177.24,179.5 1 0
github.com/sarvalabs/go-moi/network/p2p/ping.go:182.4,182.24 1 12
github.com/sarvalabs/go-moi/network/p2p/ping.go:182.24,184.5 1 12
github.com/sarvalabs/go-moi/network/p2p/ping.go:186.4,186.11 1 12
github.com/sarvalabs/go-moi/network/p2p/ping.go:187.20,188.11 1 12
github.com/sarvalabs/go-moi/network/p2p/ping.go:189.22,190.11 1 0
github.com/sarvalabs/go-moi/network/p2p/ping.go:195.2,195.12 1 12
github.com/sarvalabs/go-moi/network/p2p/ping.go:195.12,199.3 2 12
github.com/sarvalabs/go-moi/network/p2p/ping.go:201.2,201.12 1 12
github.com/sarvalabs/go-moi/network/p2p/ping.go:205.64,206.110 1 12
github.com/sarvalabs/go-moi/network/p2p/ping.go:206.110,210.3 2 0
github.com/sarvalabs/go-moi/network/p2p/ping.go:211.2,216.56 4 12
github.com/sarvalabs/go-moi/network/p2p/ping.go:216.56,218.3 1 0
github.com/sarvalabs/go-moi/network/p2p/ping.go:220.2,222.40 2 12
github.com/sarvalabs/go-moi/network/p2p/ping.go:222.40,224.3 1 0
github.com/sarvalabs/go-moi/network/p2p/ping.go:226.2,229.48 3 12
github.com/sarvalabs/go-moi/network/p2p/ping.go:229.48,231.3 1 0
github.com/sarvalabs/go-moi/network/p2p/ping.go:233.2,236.16 3 12
github.com/sarvalabs/go-moi/network/p2p/ping.go:236.16,238.3 1 0
github.com/sarvalabs/go-moi/network/p2p/ping.go:240.2,240.33 1 12
github.com/sarvalabs/go-moi/network/p2p/ping.go:240.33,242.3 1 0
github.com/sarvalabs/go-moi/network/p2p/ping.go:244.2,244.68 1 12
github.com/sarvalabs/go-moi/network/p2p/ping.go:248.36,250.16 2 0
github.com/sarvalabs/go-moi/network/p2p/ping.go:250.16,252.3 1 0
github.com/sarvalabs/go-moi/network/p2p/ping.go:256.36,258.16 2 25
github.com/sarvalabs/go-moi/network/p2p/ping.go:258.16,260.3 1 1
github.com/sarvalabs/go-moi/network/p2p/pubsub.go:33.52,37.2 2 6
github.com/sarvalabs/go-moi/network/p2p/pubsub.go:40.49,54.2 12 101
github.com/sarvalabs/go-moi/network/p2p/pubsub.go:68.76,70.2 1 11
github.com/sarvalabs/go-moi/network/p2p/pubsub.go:72.66,74.2 1 16
github.com/sarvalabs/go-moi/network/p2p/pubsub.go:76.59,78.2 1 1
github.com/sarvalabs/go-moi/network/p2p/pubsub.go:82.79,83.33 1 0
github.com/sarvalabs/go-moi/network/p2p/pubsub.go:83.33,85.3 1 0
github.com/sarvalabs/go-moi/network/p2p/pubsub.go:87.2,87.30 1 0
github.com/sarvalabs/go-moi/network/p2p/pubsub.go:90.42,97.30 2 101
github.com/sarvalabs/go-moi/network/p2p/pubsub.go:97.30,101.3 2 0
github.com/sarvalabs/go-moi/network/p2p/pubsub.go:103.2,111.47 1 101
github.com/sarvalabs/go-moi/network/p2p/pubsub.go:111.47,113.6 1 173
github.com/sarvalabs/go-moi/network/p2p/pubsub.go:178.2,178.16 1 101
github.com/sarvalabs/go-moi/network/p2p/pubsub.go:178.16,180.3 1 0
github.com/sarvalabs/go-moi/network/p2p/pubsub.go:182.2,182.12 1 101
github.com/sarvalabs/go-moi/network/p2p/pubsub.go:190.44,191.19 1 102
github.com/sarvalabs/go-moi/network/p2p/pubsub.go:191.19,193.3 1 1
github.com/sarvalabs/go-moi/network/p2p/pubsub.go:196.2,203.16 3 101
github.com/sarvalabs/go-moi/network/p2p/pubsub.go:203.16,205.3 1 0
github.com/sarvalabs/go-moi/network/p2p/pubsub.go:207.2,207.12 1 101
github.com/sarvalabs/go-moi/network/p2p/pubsub.go:212.65,217.21 4 3
github.com/sarvalabs/go-moi/network/p2p/pubsub.go:217.21,219.3 1 1
github.com/sarvalabs/go-moi/network/p2p/pubsub.go:222.2,222.66 1 2
github.com/sarvalabs/go-moi/network/p2p/pubsub.go:222.66,226.3 2 0
github.com/sarvalabs/go-moi/network/p2p/pubsub.go:228.2,228.12 1 2
github.com/sarvalabs/go-moi/network/p2p/pubsub.go:233.71,238.21 4 2
github.com/sarvalabs/go-moi/network/p2p/pubsub.go:238.21,240.17 2 1
github.com/sarvalabs/go-moi/network/p2p/pubsub.go:240.17,242.4 1 0
github.com/sarvalabs/go-moi/network/p2p/pubsub.go:244.3,244.63 1 1
github.com/sarvalabs/go-moi/network/p2p/pubsub.go:247.2,247.51 1 2
github.com/sarvalabs/go-moi/network/p2p/pubsub.go:250.105,251.106 1 9
github.com/sarvalabs/go-moi/network/p2p/pubsub.go:251.106,253.17 2 6
github.com/sarvalabs/go-moi/network/p2p/pubsub.go:253.17,255.4 1 0
github.com/sarvalabs/go-moi/network/p2p/pubsub.go:257.3,257.40 1 6
github.com/sarvalabs/go-moi/network/p2p/pubsub.go:257.40,259.4 1 0
github.com/sarvalabs/go-moi/network/p2p/pubsub.go:261.3,261.16 1 6
github.com/sarvalabs/go-moi/network/p2p/pubsub.go:277.9,282.22 3 11
github.com/sarvalabs/go-moi/network/p2p/pubsub.go:282.22,284.17 2 0
github.com/sarvalabs/go-moi/network/p2p/pubsub.go:284.17,286.4 1 0
github.com/sarvalabs/go-moi/network/p2p/pubsub.go:290.2,290.22 1 11
github.com/sarvalabs/go-moi/network/p2p/pubsub.go:290.22,294.98 1 9
github.com/sarvalabs/go-moi/network/p2p/pubsub.go:294.98,296.6 1 6
github.com/sarvalabs/go-moi/network/p2p/pubsub.go:299.3,299.17 1 9
github.com/sarvalabs/go-moi/network/p2p/pubsub.go:299.17,301.4 1 1
github.com/sarvalabs/go-moi/network/p2p/pubsub.go:305.2,306.16 2 10
github.com/sarvalabs/go-moi/network/p2p/pubsub.go:306.16,309.3 1 1
github.com/sarvalabs/go-moi/network/p2p/pubsub.go:312.2,313.16 2 9
github.com/sarvalabs/go-moi/network/p2p/pubsub.go:313.16,316.3 1 0
github.com/sarvalabs/go-moi/network/p2p/pubsub.go:318.2,322.12 3 9
github.com/sarvalabs/go-moi/network/p2p/pubsub.go:332.3,333.40 1 9
github.com/sarvalabs/go-moi/network/p2p/pubsub.go:333.40,336.38 1 3
github.com/sarvalabs/go-moi/network/p2p/pubsub.go:336.38,337.47 1 0
github.com/sarvalabs/go-moi/network/p2p/pubsub.go:337.47,339.5 1 0
github.com/sarvalabs/go-moi/network/p2p/pubsub.go:341.4,341.10 1 0
github.com/sarvalabs/go-moi/network/p2p/pubsub.go:345.2,345.6 1 9
github.com/sarvalabs/go-moi/network/p2p/pubsub.go:345.6,348.17 2 15
github.com/sarvalabs/go-moi/network/p2p/pubsub.go:348.17,352.4 2 1
github.com/sarvalabs/go-moi/network/p2p/pubsub.go:355.3,355.38 1 6
github.com/sarvalabs/go-moi/network/p2p/pubsub.go:355.38,356.12 1 3
github.com/sarvalabs/go-moi/network/p2p/pubsub.go:359.3,359.21 1 3
github.com/sarvalabs/go-moi/network/p2p/pubsub.go:359.21,361.4 1 3
github.com/sarvalabs/go-moi/network/p2p/pubsub.go:365.55,368.47 2 0
github.com/sarvalabs/go-moi/network/p2p/pubsub.go:368.47,370.3 1 0
github.com/sarvalabs/go-moi/network/p2p/pubsub.go:372.2,372.15 1 0
github.com/sarvalabs/go-moi/network/p2p/pubsub.go:376.54,383.21 4 1
github.com/sarvalabs/go-moi/network/p2p/pubsub.go:383.21,385.3 1 0
github.com/sarvalabs/go-moi/network/p2p/pubsub.go:388.2,391.53 2 1
github.com/sarvalabs/go-moi/network/p2p/pubsub.go:391.53,393.3 1 0
github.com/sarvalabs/go-moi/network/p2p/pubsub.go:395.2,397.12 2 1
github.com/sarvalabs/go-moi/network/p2p/requestqueue.go:21.49,28.2 1 2
github.com/sarvalabs/go-moi/network/p2p/requestqueue.go:30.65,34.20 3 1
github.com/sarvalabs/go-moi/network/p2p/requestqueue.go:34.20,36.3 1 0
github.com/sarvalabs/go-moi/network/p2p/requestqueue.go:38.2,38.29 1 1
github.com/sarvalabs/go-moi/network/p2p/requestqueue.go:38.29,40.3 1 0
github.com/sarvalabs/go-moi/network/p2p/requestqueue.go:42.2,47.12 4 1
github.com/sarvalabs/go-moi/network/p2p/requestqueue.go:50.62,54.18 3 0
github.com/sarvalabs/go-moi/network/p2p/requestqueue.go:54.18,61.27 5 0
github.com/sarvalabs/go-moi/network/p2p/requestqueue.go:61.27,63.4 1 0
github.com/sarvalabs/go-moi/network/p2p/requestqueue.go:65.3,65.13 1 0
github.com/sarvalabs/go-moi/network/p2p/requestqueue.go:68.2,68.12 1 0
github.com/sarvalabs/go-moi/network/p2p/requestqueue.go:71.34,76.2 3 1
github.com/sarvalabs/go-moi/network/p2p/requestqueue.go:78.62,85.2 4 0
github.com/sarvalabs/go-moi/network/p2p/server.go:103.11,123.2 3 101
github.com/sarvalabs/go-moi/network/p2p/server.go:125.32,126.39 1 0
github.com/sarvalabs/go-moi/network/p2p/server.go:126.39,128.3 1 0
github.com/sarvalabs/go-moi/network/p2p/server.go:130.2,132.12 2 0
github.com/sarvalabs/go-moi/network/p2p/server.go:135.73,137.2 1 0
github.com/sarvalabs/go-moi/network/p2p/server.go:139.50,141.2 1 8
github.com/sarvalabs/go-moi/network/p2p/server.go:143.62,145.2 1 0
github.com/sarvalabs/go-moi/network/p2p/server.go:147.74,149.2 1 0
github.com/sarvalabs/go-moi/network/p2p/server.go:151.48,152.43 1 0
github.com/sarvalabs/go-moi/network/p2p/server.go:152.43,154.3 1 0
github.com/sarvalabs/go-moi/network/p2p/server.go:156.2,156.12 1 0
github.com/sarvalabs/go-moi/network/p2p/server.go:159.38,160.50 1 0
github.com/sarvalabs/go-moi/network/p2p/server.go:160.50,162.3 1 0
github.com/sarvalabs/go-moi/network/p2p/server.go:164.2,164.38 1 0
github.com/sarvalabs/go-moi/network/p2p/server.go:164.38,166.3 1 0
github.com/sarvalabs/go-moi/network/p2p/server.go:168.2,168.40 1 0
github.com/sarvalabs/go-moi/network/p2p/server.go:168.40,170.3 1 0
github.com/sarvalabs/go-moi/network/p2p/server.go:172.2,175.12 3 0
github.com/sarvalabs/go-moi/network/p2p/server.go:180.38,183.46 2 1
github.com/sarvalabs/go-moi/network/p2p/server.go:183.46,185.3 1 0
github.com/sarvalabs/go-moi/network/p2p/server.go:187.2,187.48 1 1
github.com/sarvalabs/go-moi/network/p2p/server.go:187.48,189.3 1 0
github.com/sarvalabs/go-moi/network/p2p/server.go:191.2,193.12 2 1
github.com/sarvalabs/go-moi/network/p2p/server.go:198.82,204.2 3 0
github.com/sarvalabs/go-moi/network/p2p/server.go:212.42,213.18 1 103
github.com/sarvalabs/go-moi/network/p2p/server.go:213.18,215.3 1 1
github.com/sarvalabs/go-moi/network/p2p/server.go:217.2,218.16 2 102
github.com/sarvalabs/go-moi/network/p2p/server.go:218.16,220.3 1 0
github.com/sarvalabs/go-moi/network/p2p/server.go:223.2,224.16 2 102
github.com/sarvalabs/go-moi/network/p2p/server.go:224.16,226.3 1 0
github.com/sarvalabs/go-moi/network/p2p/server.go:228.2,228.12 1 102
github.com/sarvalabs/go-moi/network/p2p/server.go:231.64,233.16 2 102
github.com/sarvalabs/go-moi/network/p2p/server.go:233.16,235.3 1 0
github.com/sarvalabs/go-moi/network/p2p/server.go:237.2,238.16 2 102
github.com/sarvalabs/go-moi/network/p2p/server.go:238.16,240.3 1 0
github.com/sarvalabs/go-moi/network/p2p/server.go:242.2,244.34 2 102
github.com/sarvalabs/go-moi/network/p2p/server.go:244.34,246.3 1 0
github.com/sarvalabs/go-moi/network/p2p/server.go:248.2,248.85 1 102
github.com/sarvalabs/go-moi/network/p2p/server.go:248.85,250.3 1 102
github.com/sarvalabs/go-moi/network/p2p/server.go:252.2,253.16 2 102
github.com/sarvalabs/go-moi/network/p2p/server.go:253.16,255.3 1 0
github.com/sarvalabs/go-moi/network/p2p/server.go:258.2,259.16 2 102
github.com/sarvalabs/go-moi/network/p2p/server.go:259.16,261.3 1 0
github.com/sarvalabs/go-moi/network/p2p/server.go:263.2,275.8 1 102
github.com/sarvalabs/go-moi/network/p2p/server.go:278.61,280.16 2 102
github.com/sarvalabs/go-moi/network/p2p/server.go:280.16,282.3 1 0
github.com/sarvalabs/go-moi/network/p2p/server.go:284.2,284.20 1 102
github.com/sarvalabs/go-moi/network/p2p/server.go:287.49,288.71 1 102
github.com/sarvalabs/go-moi/network/p2p/server.go:288.71,289.42 1 102
github.com/sarvalabs/go-moi/network/p2p/server.go:289.42,291.4 1 0
github.com/sarvalabs/go-moi/network/p2p/server.go:293.3,293.23 1 102
github.com/sarvalabs/go-moi/network/p2p/server.go:298.51,300.2 1 104
github.com/sarvalabs/go-moi/network/p2p/server.go:302.38,304.2 1 0
github.com/sarvalabs/go-moi/network/p2p/server.go:308.58,311.16 2 103
github.com/sarvalabs/go-moi/network/p2p/server.go:311.16,313.3 1 0
github.com/sarvalabs/go-moi/network/p2p/server.go:316.2,316.49 1 103
github.com/sarvalabs/go-moi/network/p2p/server.go:316.49,318.3 1 0
github.com/sarvalabs/go-moi/network/p2p/server.go:320.2,320.12 1 103
github.com/sarvalabs/go-moi/network/p2p/server.go:323.49,329.2 1 103
github.com/sarvalabs/go-moi/network/p2p/server.go:332.95,334.2 1 0
github.com/sarvalabs/go-moi/network/p2p/server.go:337.109,339.2 1 0
github.com/sarvalabs/go-moi/network/p2p/server.go:342.104,350.34 2 2
github.com/sarvalabs/go-moi/network/p2p/server.go:350.34,354.3 2 1
github.com/sarvalabs/go-moi/network/p2p/server.go:356.2,356.110 1 1
github.com/sarvalabs/go-moi/network/p2p/server.go:356.110,359.3 1 0
github.com/sarvalabs/go-moi/network/p2p/server.go:361.2,363.72 2 1
github.com/sarvalabs/go-moi/network/p2p/server.go:363.72,365.3 1 0
github.com/sarvalabs/go-moi/network/p2p/server.go:367.2,367.33 1 1
github.com/sarvalabs/go-moi/network/p2p/server.go:370.59,373.46 2 21
github.com/sarvalabs/go-moi/network/p2p/server.go:373.46,375.3 1 0
github.com/sarvalabs/go-moi/network/p2p/server.go:377.2,377.26 1 21
github.com/sarvalabs/go-moi/network/p2p/server.go:384.19,386.16 2 21
github.com/sarvalabs/go-moi/network/p2p/server.go:386.16,388.3 1 0
github.com/sarvalabs/go-moi/network/p2p/server.go:392.2,399.16 3 21
github.com/sarvalabs/go-moi/network/p2p/server.go:399.16,401.3 1 0
github.com/sarvalabs/go-moi/network/p2p/server.go:403.2,403.21 1 21
github.com/sarvalabs/go-moi/network/p2p/server.go:407.25,409.2 1 0
github.com/sarvalabs/go-moi/network/p2p/server.go:412.47,414.2 1 29
github.com/sarvalabs/go-moi/network/p2p/server.go:417.37,418.19 1 1
github.com/sarvalabs/go-moi/network/p2p/server.go:418.19,426.17 3 1
github.com/sarvalabs/go-moi/network/p2p/server.go:426.17,430.4 2 0
github.com/sarvalabs/go-moi/network/p2p/server.go:432.3,433.17 2 1
github.com/sarvalabs/go-moi/network/p2p/server.go:433.17,437.4 2 0
github.com/sarvalabs/go-moi/network/p2p/server.go:439.3,442.17 3 1
github.com/sarvalabs/go-moi/network/p2p/server.go:442.17,446.4 2 0
github.com/sarvalabs/go-moi/network/p2p/server.go:448.3,448.64 1 1
github.com/sarvalabs/go-moi/network/p2p/server.go:448.64,452.4 2 0
github.com/sarvalabs/go-moi/network/p2p/server.go:456.38,458.2 1 0
github.com/sarvalabs/go-moi/network/p2p/server.go:460.38,462.2 1 0
github.com/sarvalabs/go-moi/network/p2p/server.go:464.51,466.2 1 0
github.com/sarvalabs/go-moi/network/p2p/server.go:468.44,470.2 1 0
github.com/sarvalabs/go-moi/network/p2p/server.go:472.46,474.2 1 0
github.com/sarvalabs/go-moi/network/p2p/server.go:476.47,478.2 1 0
github.com/sarvalabs/go-moi/network/p2p/server.go:480.76,482.2 1 20
github.com/sarvalabs/go-moi/network/p2p/server.go:484.53,486.2 1 0
github.com/sarvalabs/go-moi/network/p2p/server.go:489.51,496.16 3 8
github.com/sarvalabs/go-moi/network/p2p/server.go:496.16,498.3 1 8
github.com/sarvalabs/go-moi/network/p2p/server.go:501.2,502.50 2 0
github.com/sarvalabs/go-moi/network/p2p/server.go:502.50,504.3 1 0
github.com/sarvalabs/go-moi/network/p2p/server.go:506.2,506.9 1 0
github.com/sarvalabs/go-moi/network/p2p/server.go:507.22,507.22 0 0
github.com/sarvalabs/go-moi/network/p2p/server.go:508.25,508.25 0 0
github.com/sarvalabs/go-moi/network/p2p/server.go:511.2,511.12 1 0
github.com/sarvalabs/go-moi/network/p2p/server_metrics.go:20.82,23.48 2 0
github.com/sarvalabs/go-moi/network/p2p/server_metrics.go:23.48,25.3 1 0
github.com/sarvalabs/go-moi/network/p2p/server_metrics.go:27.2,64.3 1 0
github.com/sarvalabs/go-moi/network/p2p/server_metrics.go:67.28,76.2 1 101
github.com/sarvalabs/go-moi/network/p2p/server_metrics.go:78.59,80.2 1 23
github.com/sarvalabs/go-moi/network/p2p/server_metrics.go:82.60,84.2 1 21
github.com/sarvalabs/go-moi/network/p2p/server_metrics.go:86.57,88.2 1 44
github.com/sarvalabs/go-moi/network/p2p/server_metrics.go:95.105,100.2 1 102
github.com/sarvalabs/go-moi/network/p2p/server_metrics.go:102.63,104.2 1 4986
github.com/sarvalabs/go-moi/network/p2p/server_metrics.go:106.63,108.2 1 12303
github.com/sarvalabs/go-moi/network/p2p/server_metrics.go:110.57,112.2 1 4986
github.com/sarvalabs/go-moi/network/p2p/server_metrics.go:114.56,116.2 1 12303
github.com/sarvalabs/go-moi/network/p2p/server_metrics.go:118.72,120.2 1 0
